{"level":"info","ts":"2025-06-13T03:35:28.611Z","caller":"app/client.go:225","msg":"Connecting to Auth service at auth:50051"}
{"level":"info","ts":"2025-06-13T03:35:28.612Z","caller":"app/client.go:225","msg":"Connecting to Role service at role:50052"}
{"level":"info","ts":"2025-06-13T03:35:28.612Z","caller":"app/client.go:225","msg":"Connecting to Card service at card:50053"}
{"level":"info","ts":"2025-06-13T03:35:28.612Z","caller":"app/client.go:225","msg":"Connecting to Merchant service at merchant:50054"}
{"level":"info","ts":"2025-06-13T03:35:28.612Z","caller":"app/client.go:225","msg":"Connecting to User service at user:50055"}
{"level":"info","ts":"2025-06-13T03:35:28.612Z","caller":"app/client.go:225","msg":"Connecting to Saldo service at saldo:50056"}
{"level":"info","ts":"2025-06-13T03:35:28.612Z","caller":"app/client.go:225","msg":"Connecting to Topup service at topup:50057"}
{"level":"info","ts":"2025-06-13T03:35:28.612Z","caller":"app/client.go:225","msg":"Connecting to Transaction service at transaction:50058"}
{"level":"info","ts":"2025-06-13T03:35:28.612Z","caller":"app/client.go:225","msg":"Connecting to Transfer service at transfer:50059"}
{"level":"info","ts":"2025-06-13T03:35:28.613Z","caller":"app/client.go:225","msg":"Connecting to Withdraw service at withdraw:50060"}
{"level":"info","ts":"2025-06-13T06:08:27.263Z","caller":"app/client.go:225","msg":"Connecting to Auth service at auth:50051"}
{"level":"info","ts":"2025-06-13T06:08:27.263Z","caller":"app/client.go:225","msg":"Connecting to Role service at role:50052"}
{"level":"info","ts":"2025-06-13T06:08:27.264Z","caller":"app/client.go:225","msg":"Connecting to Card service at card:50053"}
{"level":"info","ts":"2025-06-13T06:08:27.264Z","caller":"app/client.go:225","msg":"Connecting to Merchant service at merchant:50054"}
{"level":"info","ts":"2025-06-13T06:08:27.264Z","caller":"app/client.go:225","msg":"Connecting to User service at user:50055"}
{"level":"info","ts":"2025-06-13T06:08:27.264Z","caller":"app/client.go:225","msg":"Connecting to Saldo service at saldo:50056"}
{"level":"info","ts":"2025-06-13T06:08:27.264Z","caller":"app/client.go:225","msg":"Connecting to Topup service at topup:50057"}
{"level":"info","ts":"2025-06-13T06:08:27.265Z","caller":"app/client.go:225","msg":"Connecting to Transaction service at transaction:50058"}
{"level":"info","ts":"2025-06-13T06:08:27.265Z","caller":"app/client.go:225","msg":"Connecting to Transfer service at transfer:50059"}
{"level":"info","ts":"2025-06-13T06:08:27.265Z","caller":"app/client.go:225","msg":"Connecting to Withdraw service at withdraw:50060"}
{"level":"info","ts":"2025-06-13T06:13:45.651Z","caller":"app/client.go:225","msg":"Connecting to Auth service at auth:50051"}
{"level":"info","ts":"2025-06-13T06:13:45.652Z","caller":"app/client.go:225","msg":"Connecting to Role service at role:50052"}
{"level":"info","ts":"2025-06-13T06:13:45.652Z","caller":"app/client.go:225","msg":"Connecting to Card service at card:50053"}
{"level":"info","ts":"2025-06-13T06:13:45.652Z","caller":"app/client.go:225","msg":"Connecting to Merchant service at merchant:50054"}
{"level":"info","ts":"2025-06-13T06:13:45.652Z","caller":"app/client.go:225","msg":"Connecting to User service at user:50055"}
{"level":"info","ts":"2025-06-13T06:13:45.653Z","caller":"app/client.go:225","msg":"Connecting to Saldo service at saldo:50056"}
{"level":"info","ts":"2025-06-13T06:13:45.653Z","caller":"app/client.go:225","msg":"Connecting to Topup service at topup:50057"}
{"level":"info","ts":"2025-06-13T06:13:45.653Z","caller":"app/client.go:225","msg":"Connecting to Transaction service at transaction:50058"}
{"level":"info","ts":"2025-06-13T06:13:45.653Z","caller":"app/client.go:225","msg":"Connecting to Transfer service at transfer:50059"}
{"level":"info","ts":"2025-06-13T06:13:45.653Z","caller":"app/client.go:225","msg":"Connecting to Withdraw service at withdraw:50060"}
{"level":"info","ts":"2025-06-13T06:32:27.293Z","caller":"app/client.go:225","msg":"Connecting to Auth service at auth:50051"}
{"level":"info","ts":"2025-06-13T06:32:27.293Z","caller":"app/client.go:225","msg":"Connecting to Role service at role:50052"}
{"level":"info","ts":"2025-06-13T06:32:27.294Z","caller":"app/client.go:225","msg":"Connecting to Card service at card:50053"}
{"level":"info","ts":"2025-06-13T06:32:27.294Z","caller":"app/client.go:225","msg":"Connecting to Merchant service at merchant:50054"}
{"level":"info","ts":"2025-06-13T06:32:27.294Z","caller":"app/client.go:225","msg":"Connecting to User service at user:50055"}
{"level":"info","ts":"2025-06-13T06:32:27.294Z","caller":"app/client.go:225","msg":"Connecting to Saldo service at saldo:50056"}
{"level":"info","ts":"2025-06-13T06:32:27.295Z","caller":"app/client.go:225","msg":"Connecting to Topup service at topup:50057"}
{"level":"info","ts":"2025-06-13T06:32:27.295Z","caller":"app/client.go:225","msg":"Connecting to Transaction service at transaction:50058"}
{"level":"info","ts":"2025-06-13T06:32:27.295Z","caller":"app/client.go:225","msg":"Connecting to Transfer service at transfer:50059"}
{"level":"info","ts":"2025-06-13T06:32:27.295Z","caller":"app/client.go:225","msg":"Connecting to Withdraw service at withdraw:50060"}
{"level":"info","ts":"2025-06-13T06:36:57.424Z","caller":"app/client.go:225","msg":"Connecting to Auth service at auth:50051"}
{"level":"info","ts":"2025-06-13T06:36:57.424Z","caller":"app/client.go:225","msg":"Connecting to Role service at role:50052"}
{"level":"info","ts":"2025-06-13T06:36:57.424Z","caller":"app/client.go:225","msg":"Connecting to Card service at card:50053"}
{"level":"info","ts":"2025-06-13T06:36:57.424Z","caller":"app/client.go:225","msg":"Connecting to Merchant service at merchant:50054"}
{"level":"info","ts":"2025-06-13T06:36:57.425Z","caller":"app/client.go:225","msg":"Connecting to User service at user:50055"}
{"level":"info","ts":"2025-06-13T06:36:57.425Z","caller":"app/client.go:225","msg":"Connecting to Saldo service at saldo:50056"}
{"level":"info","ts":"2025-06-13T06:36:57.425Z","caller":"app/client.go:225","msg":"Connecting to Topup service at topup:50057"}
{"level":"info","ts":"2025-06-13T06:36:57.425Z","caller":"app/client.go:225","msg":"Connecting to Transaction service at transaction:50058"}
{"level":"info","ts":"2025-06-13T06:36:57.425Z","caller":"app/client.go:225","msg":"Connecting to Transfer service at transfer:50059"}
{"level":"info","ts":"2025-06-13T06:36:57.425Z","caller":"app/client.go:225","msg":"Connecting to Withdraw service at withdraw:50060"}
{"level":"info","ts":"2025-06-13T06:39:25.156Z","caller":"app/client.go:225","msg":"Connecting to Auth service at auth:50051"}
{"level":"info","ts":"2025-06-13T06:39:25.157Z","caller":"app/client.go:225","msg":"Connecting to Role service at role:50052"}
{"level":"info","ts":"2025-06-13T06:39:25.157Z","caller":"app/client.go:225","msg":"Connecting to Card service at card:50053"}
{"level":"info","ts":"2025-06-13T06:39:25.157Z","caller":"app/client.go:225","msg":"Connecting to Merchant service at merchant:50054"}
{"level":"info","ts":"2025-06-13T06:39:25.157Z","caller":"app/client.go:225","msg":"Connecting to User service at user:50055"}
{"level":"info","ts":"2025-06-13T06:39:25.157Z","caller":"app/client.go:225","msg":"Connecting to Saldo service at saldo:50056"}
{"level":"info","ts":"2025-06-13T06:39:25.157Z","caller":"app/client.go:225","msg":"Connecting to Topup service at topup:50057"}
{"level":"info","ts":"2025-06-13T06:39:25.157Z","caller":"app/client.go:225","msg":"Connecting to Transaction service at transaction:50058"}
{"level":"info","ts":"2025-06-13T06:39:25.158Z","caller":"app/client.go:225","msg":"Connecting to Transfer service at transfer:50059"}
{"level":"info","ts":"2025-06-13T06:39:25.158Z","caller":"app/client.go:225","msg":"Connecting to Withdraw service at withdraw:50060"}
{"level":"error","ts":"2025-06-13T06:41:07.799Z","caller":"handler/auth.go:247","msg":"Login failed","error":"rpc error: code = Code(404) desc = {\"status\":\"error\",\"message\":\"User not found\",\"code\":404}"}
{"level":"info","ts":"2025-06-13T07:30:09.702Z","caller":"app/client.go:225","msg":"Connecting to Auth service at auth:50051"}
{"level":"info","ts":"2025-06-13T07:30:09.703Z","caller":"app/client.go:225","msg":"Connecting to Role service at role:50052"}
{"level":"info","ts":"2025-06-13T07:30:09.703Z","caller":"app/client.go:225","msg":"Connecting to Card service at card:50053"}
{"level":"info","ts":"2025-06-13T07:30:09.703Z","caller":"app/client.go:225","msg":"Connecting to Merchant service at merchant:50054"}
{"level":"info","ts":"2025-06-13T07:30:09.703Z","caller":"app/client.go:225","msg":"Connecting to User service at user:50055"}
{"level":"info","ts":"2025-06-13T07:30:09.703Z","caller":"app/client.go:225","msg":"Connecting to Saldo service at saldo:50056"}
{"level":"info","ts":"2025-06-13T07:30:09.704Z","caller":"app/client.go:225","msg":"Connecting to Topup service at topup:50057"}
{"level":"info","ts":"2025-06-13T07:30:09.704Z","caller":"app/client.go:225","msg":"Connecting to Transaction service at transaction:50058"}
{"level":"info","ts":"2025-06-13T07:30:09.704Z","caller":"app/client.go:225","msg":"Connecting to Transfer service at transfer:50059"}
{"level":"info","ts":"2025-06-13T07:30:09.704Z","caller":"app/client.go:225","msg":"Connecting to Withdraw service at withdraw:50060"}
{"level":"info","ts":"2025-06-13T07:31:45.627Z","caller":"app/client.go:225","msg":"Connecting to Auth service at auth:50051"}
{"level":"info","ts":"2025-06-13T07:31:45.627Z","caller":"app/client.go:225","msg":"Connecting to Role service at role:50052"}
{"level":"info","ts":"2025-06-13T07:31:45.627Z","caller":"app/client.go:225","msg":"Connecting to Card service at card:50053"}
{"level":"info","ts":"2025-06-13T07:31:45.628Z","caller":"app/client.go:225","msg":"Connecting to Merchant service at merchant:50054"}
{"level":"info","ts":"2025-06-13T07:31:45.628Z","caller":"app/client.go:225","msg":"Connecting to User service at user:50055"}
{"level":"info","ts":"2025-06-13T07:31:45.628Z","caller":"app/client.go:225","msg":"Connecting to Saldo service at saldo:50056"}
{"level":"info","ts":"2025-06-13T07:31:45.628Z","caller":"app/client.go:225","msg":"Connecting to Topup service at topup:50057"}
{"level":"info","ts":"2025-06-13T07:31:45.628Z","caller":"app/client.go:225","msg":"Connecting to Transaction service at transaction:50058"}
{"level":"info","ts":"2025-06-13T07:31:45.628Z","caller":"app/client.go:225","msg":"Connecting to Transfer service at transfer:50059"}
{"level":"info","ts":"2025-06-13T07:31:45.628Z","caller":"app/client.go:225","msg":"Connecting to Withdraw service at withdraw:50060"}
{"level":"info","ts":"2025-06-13T07:36:56.136Z","caller":"app/client.go:225","msg":"Connecting to Auth service at auth:50051"}
{"level":"info","ts":"2025-06-13T07:36:56.136Z","caller":"app/client.go:225","msg":"Connecting to Role service at role:50052"}
{"level":"info","ts":"2025-06-13T07:36:56.136Z","caller":"app/client.go:225","msg":"Connecting to Card service at card:50053"}
{"level":"info","ts":"2025-06-13T07:36:56.136Z","caller":"app/client.go:225","msg":"Connecting to Merchant service at merchant:50054"}
{"level":"info","ts":"2025-06-13T07:36:56.136Z","caller":"app/client.go:225","msg":"Connecting to User service at user:50055"}
{"level":"info","ts":"2025-06-13T07:36:56.136Z","caller":"app/client.go:225","msg":"Connecting to Saldo service at saldo:50056"}
{"level":"info","ts":"2025-06-13T07:36:56.137Z","caller":"app/client.go:225","msg":"Connecting to Topup service at topup:50057"}
{"level":"info","ts":"2025-06-13T07:36:56.137Z","caller":"app/client.go:225","msg":"Connecting to Transaction service at transaction:50058"}
{"level":"info","ts":"2025-06-13T07:36:56.137Z","caller":"app/client.go:225","msg":"Connecting to Transfer service at transfer:50059"}
{"level":"info","ts":"2025-06-13T07:36:56.137Z","caller":"app/client.go:225","msg":"Connecting to Withdraw service at withdraw:50060"}
{"level":"info","ts":"2025-06-13T08:36:22.799Z","caller":"app/client.go:225","msg":"Connecting to Auth service at auth:50051"}
{"level":"info","ts":"2025-06-13T08:36:22.800Z","caller":"app/client.go:225","msg":"Connecting to Role service at role:50052"}
{"level":"info","ts":"2025-06-13T08:36:22.800Z","caller":"app/client.go:225","msg":"Connecting to Card service at card:50053"}
{"level":"info","ts":"2025-06-13T08:36:22.800Z","caller":"app/client.go:225","msg":"Connecting to Merchant service at merchant:50054"}
{"level":"info","ts":"2025-06-13T08:36:22.800Z","caller":"app/client.go:225","msg":"Connecting to User service at user:50055"}
{"level":"info","ts":"2025-06-13T08:36:22.801Z","caller":"app/client.go:225","msg":"Connecting to Saldo service at saldo:50056"}
{"level":"info","ts":"2025-06-13T08:36:22.801Z","caller":"app/client.go:225","msg":"Connecting to Topup service at topup:50057"}
{"level":"info","ts":"2025-06-13T08:36:22.801Z","caller":"app/client.go:225","msg":"Connecting to Transaction service at transaction:50058"}
{"level":"info","ts":"2025-06-13T08:36:22.801Z","caller":"app/client.go:225","msg":"Connecting to Transfer service at transfer:50059"}
{"level":"info","ts":"2025-06-13T08:36:22.801Z","caller":"app/client.go:225","msg":"Connecting to Withdraw service at withdraw:50060"}
{"level":"error","ts":"2025-06-13T08:36:41.959Z","caller":"handler/auth.go:247","msg":"Login failed","error":"rpc error: code = Code(404) desc = {\"status\":\"error\",\"message\":\"User not found\",\"code\":404}"}
{"level":"info","ts":"2025-06-13T11:44:33.087Z","caller":"app/client.go:225","msg":"Connecting to Auth service at auth:50051"}
{"level":"info","ts":"2025-06-13T11:44:33.087Z","caller":"app/client.go:225","msg":"Connecting to Role service at role:50052"}
{"level":"info","ts":"2025-06-13T11:44:33.087Z","caller":"app/client.go:225","msg":"Connecting to Card service at card:50053"}
{"level":"info","ts":"2025-06-13T11:44:33.088Z","caller":"app/client.go:225","msg":"Connecting to Merchant service at merchant:50054"}
{"level":"info","ts":"2025-06-13T11:44:33.088Z","caller":"app/client.go:225","msg":"Connecting to User service at user:50055"}
{"level":"info","ts":"2025-06-13T11:44:33.088Z","caller":"app/client.go:225","msg":"Connecting to Saldo service at saldo:50056"}
{"level":"info","ts":"2025-06-13T11:44:33.089Z","caller":"app/client.go:225","msg":"Connecting to Topup service at topup:50057"}
{"level":"info","ts":"2025-06-13T11:44:33.089Z","caller":"app/client.go:225","msg":"Connecting to Transaction service at transaction:50058"}
{"level":"info","ts":"2025-06-13T11:44:33.089Z","caller":"app/client.go:225","msg":"Connecting to Transfer service at transfer:50059"}
{"level":"info","ts":"2025-06-13T11:44:33.090Z","caller":"app/client.go:225","msg":"Connecting to Withdraw service at withdraw:50060"}
{"level":"info","ts":"2025-06-13T11:49:27.084Z","caller":"app/client.go:225","msg":"Connecting to Auth service at auth:50051"}
{"level":"info","ts":"2025-06-13T11:49:27.084Z","caller":"app/client.go:225","msg":"Connecting to Role service at role:50052"}
{"level":"info","ts":"2025-06-13T11:49:27.084Z","caller":"app/client.go:225","msg":"Connecting to Card service at card:50053"}
{"level":"info","ts":"2025-06-13T11:49:27.084Z","caller":"app/client.go:225","msg":"Connecting to Merchant service at merchant:50054"}
{"level":"info","ts":"2025-06-13T11:49:27.085Z","caller":"app/client.go:225","msg":"Connecting to User service at user:50055"}
{"level":"info","ts":"2025-06-13T11:49:27.085Z","caller":"app/client.go:225","msg":"Connecting to Saldo service at saldo:50056"}
{"level":"info","ts":"2025-06-13T11:49:27.085Z","caller":"app/client.go:225","msg":"Connecting to Topup service at topup:50057"}
{"level":"info","ts":"2025-06-13T11:49:27.085Z","caller":"app/client.go:225","msg":"Connecting to Transaction service at transaction:50058"}
{"level":"info","ts":"2025-06-13T11:49:27.085Z","caller":"app/client.go:225","msg":"Connecting to Transfer service at transfer:50059"}
{"level":"info","ts":"2025-06-13T11:49:27.085Z","caller":"app/client.go:225","msg":"Connecting to Withdraw service at withdraw:50060"}
{"level":"info","ts":"2025-06-13T11:54:00.154Z","caller":"app/client.go:225","msg":"Connecting to Auth service at auth:50051"}
{"level":"info","ts":"2025-06-13T11:54:00.155Z","caller":"app/client.go:225","msg":"Connecting to Role service at role:50052"}
{"level":"info","ts":"2025-06-13T11:54:00.155Z","caller":"app/client.go:225","msg":"Connecting to Card service at card:50053"}
{"level":"info","ts":"2025-06-13T11:54:00.155Z","caller":"app/client.go:225","msg":"Connecting to Merchant service at merchant:50054"}
{"level":"info","ts":"2025-06-13T11:54:00.156Z","caller":"app/client.go:225","msg":"Connecting to User service at user:50055"}
{"level":"info","ts":"2025-06-13T11:54:00.156Z","caller":"app/client.go:225","msg":"Connecting to Saldo service at saldo:50056"}
{"level":"info","ts":"2025-06-13T11:54:00.156Z","caller":"app/client.go:225","msg":"Connecting to Topup service at topup:50057"}
{"level":"info","ts":"2025-06-13T11:54:00.156Z","caller":"app/client.go:225","msg":"Connecting to Transaction service at transaction:50058"}
{"level":"info","ts":"2025-06-13T11:54:00.156Z","caller":"app/client.go:225","msg":"Connecting to Transfer service at transfer:50059"}
{"level":"info","ts":"2025-06-13T11:54:00.156Z","caller":"app/client.go:225","msg":"Connecting to Withdraw service at withdraw:50060"}
{"level":"debug","ts":"2025-06-16T07:38:00.313Z","caller":"app/client.go:74","msg":"Loading environment variables"}
{"level":"debug","ts":"2025-06-16T07:38:00.314Z","caller":"app/client.go:79","msg":"Creating gRPC connections..."}
{"level":"info","ts":"2025-06-16T07:38:00.314Z","caller":"app/client.go:211","msg":"Connecting to Auth service at auth:50051"}
{"level":"info","ts":"2025-06-16T07:38:00.314Z","caller":"app/client.go:211","msg":"Connecting to Role service at role:50052"}
{"level":"info","ts":"2025-06-16T07:38:00.314Z","caller":"app/client.go:211","msg":"Connecting to Card service at card:50053"}
{"level":"info","ts":"2025-06-16T07:38:00.314Z","caller":"app/client.go:211","msg":"Connecting to Merchant service at merchant:50054"}
{"level":"info","ts":"2025-06-16T07:38:00.314Z","caller":"app/client.go:211","msg":"Connecting to User service at user:50055"}
{"level":"info","ts":"2025-06-16T07:38:00.315Z","caller":"app/client.go:211","msg":"Connecting to Saldo service at saldo:50056"}
{"level":"info","ts":"2025-06-16T07:38:00.315Z","caller":"app/client.go:211","msg":"Connecting to Topup service at topup:50057"}
{"level":"info","ts":"2025-06-16T07:38:00.315Z","caller":"app/client.go:211","msg":"Connecting to Transaction service at transaction:50058"}
{"level":"info","ts":"2025-06-16T07:38:00.315Z","caller":"app/client.go:211","msg":"Connecting to Transfer service at transfer:50059"}
{"level":"info","ts":"2025-06-16T07:38:00.315Z","caller":"app/client.go:211","msg":"Connecting to Withdraw service at withdraw:50060"}
{"level":"info","ts":"2025-06-16T07:38:00.326Z","caller":"app/client.go:118","msg":"Starting API Gateway server on :5000"}
{"level":"info","ts":"2025-06-16T07:38:00.326Z","caller":"app/client.go:126","msg":"Starting Prometheus metrics server on :8091"}
{"level":"debug","ts":"2025-06-16T07:45:46.964Z","caller":"app/client.go:74","msg":"Loading environment variables"}
{"level":"debug","ts":"2025-06-16T07:45:46.964Z","caller":"app/client.go:79","msg":"Creating gRPC connections..."}
{"level":"info","ts":"2025-06-16T07:45:46.965Z","caller":"app/client.go:211","msg":"Connecting to Auth service at auth:50051"}
{"level":"info","ts":"2025-06-16T07:45:46.965Z","caller":"app/client.go:211","msg":"Connecting to Role service at role:50052"}
{"level":"info","ts":"2025-06-16T07:45:46.965Z","caller":"app/client.go:211","msg":"Connecting to Card service at card:50053"}
{"level":"info","ts":"2025-06-16T07:45:46.965Z","caller":"app/client.go:211","msg":"Connecting to Merchant service at merchant:50054"}
{"level":"info","ts":"2025-06-16T07:45:46.965Z","caller":"app/client.go:211","msg":"Connecting to User service at user:50055"}
{"level":"info","ts":"2025-06-16T07:45:46.966Z","caller":"app/client.go:211","msg":"Connecting to Saldo service at saldo:50056"}
{"level":"info","ts":"2025-06-16T07:45:46.966Z","caller":"app/client.go:211","msg":"Connecting to Topup service at topup:50057"}
{"level":"info","ts":"2025-06-16T07:45:46.966Z","caller":"app/client.go:211","msg":"Connecting to Transaction service at transaction:50058"}
{"level":"info","ts":"2025-06-16T07:45:46.966Z","caller":"app/client.go:211","msg":"Connecting to Transfer service at transfer:50059"}
{"level":"info","ts":"2025-06-16T07:45:46.966Z","caller":"app/client.go:211","msg":"Connecting to Withdraw service at withdraw:50060"}
{"level":"info","ts":"2025-06-16T07:45:46.976Z","caller":"app/client.go:126","msg":"Starting Prometheus metrics server on :8091"}
{"level":"info","ts":"2025-06-16T07:45:46.976Z","caller":"app/client.go:118","msg":"Starting API Gateway server on :5000"}
{"level":"debug","ts":"2025-06-16T08:00:37.037Z","caller":"app/client.go:74","msg":"Loading environment variables"}
{"level":"debug","ts":"2025-06-16T08:00:37.038Z","caller":"app/client.go:79","msg":"Creating gRPC connections..."}
{"level":"info","ts":"2025-06-16T08:00:37.038Z","caller":"app/client.go:211","msg":"Connecting to Auth service at auth:50051"}
{"level":"info","ts":"2025-06-16T08:00:37.038Z","caller":"app/client.go:211","msg":"Connecting to Role service at role:50052"}
{"level":"info","ts":"2025-06-16T08:00:37.038Z","caller":"app/client.go:211","msg":"Connecting to Card service at card:50053"}
{"level":"info","ts":"2025-06-16T08:00:37.038Z","caller":"app/client.go:211","msg":"Connecting to Merchant service at merchant:50054"}
{"level":"info","ts":"2025-06-16T08:00:37.038Z","caller":"app/client.go:211","msg":"Connecting to User service at user:50055"}
{"level":"info","ts":"2025-06-16T08:00:37.039Z","caller":"app/client.go:211","msg":"Connecting to Saldo service at saldo:50056"}
{"level":"info","ts":"2025-06-16T08:00:37.039Z","caller":"app/client.go:211","msg":"Connecting to Topup service at topup:50057"}
{"level":"info","ts":"2025-06-16T08:00:37.039Z","caller":"app/client.go:211","msg":"Connecting to Transaction service at transaction:50058"}
{"level":"info","ts":"2025-06-16T08:00:37.039Z","caller":"app/client.go:211","msg":"Connecting to Transfer service at transfer:50059"}
{"level":"info","ts":"2025-06-16T08:00:37.039Z","caller":"app/client.go:211","msg":"Connecting to Withdraw service at withdraw:50060"}
{"level":"info","ts":"2025-06-16T08:00:37.053Z","caller":"app/client.go:126","msg":"Starting Prometheus metrics server on :8091"}
{"level":"info","ts":"2025-06-16T08:00:37.053Z","caller":"app/client.go:118","msg":"Starting API Gateway server on :5000"}
{"level":"debug","ts":"2025-06-16T08:03:18.305Z","caller":"app/client.go:74","msg":"Loading environment variables"}
{"level":"debug","ts":"2025-06-16T08:03:18.306Z","caller":"app/client.go:79","msg":"Creating gRPC connections..."}
{"level":"info","ts":"2025-06-16T08:03:18.306Z","caller":"app/client.go:211","msg":"Connecting to Auth service at auth:50051"}
{"level":"info","ts":"2025-06-16T08:03:18.306Z","caller":"app/client.go:211","msg":"Connecting to Role service at role:50052"}
{"level":"info","ts":"2025-06-16T08:03:18.306Z","caller":"app/client.go:211","msg":"Connecting to Card service at card:50053"}
{"level":"info","ts":"2025-06-16T08:03:18.306Z","caller":"app/client.go:211","msg":"Connecting to Merchant service at merchant:50054"}
{"level":"info","ts":"2025-06-16T08:03:18.307Z","caller":"app/client.go:211","msg":"Connecting to User service at user:50055"}
{"level":"info","ts":"2025-06-16T08:03:18.307Z","caller":"app/client.go:211","msg":"Connecting to Saldo service at saldo:50056"}
{"level":"info","ts":"2025-06-16T08:03:18.307Z","caller":"app/client.go:211","msg":"Connecting to Topup service at topup:50057"}
{"level":"info","ts":"2025-06-16T08:03:18.307Z","caller":"app/client.go:211","msg":"Connecting to Transaction service at transaction:50058"}
{"level":"info","ts":"2025-06-16T08:03:18.307Z","caller":"app/client.go:211","msg":"Connecting to Transfer service at transfer:50059"}
{"level":"info","ts":"2025-06-16T08:03:18.307Z","caller":"app/client.go:211","msg":"Connecting to Withdraw service at withdraw:50060"}
{"level":"info","ts":"2025-06-16T08:03:18.315Z","caller":"app/client.go:118","msg":"Starting API Gateway server on :5000"}
{"level":"info","ts":"2025-06-16T08:03:18.315Z","caller":"app/client.go:126","msg":"Starting Prometheus metrics server on :8091"}
{"level":"debug","ts":"2025-06-16T08:08:13.966Z","caller":"app/client.go:74","msg":"Loading environment variables"}
{"level":"debug","ts":"2025-06-16T08:08:13.967Z","caller":"app/client.go:79","msg":"Creating gRPC connections..."}
{"level":"info","ts":"2025-06-16T08:08:13.967Z","caller":"app/client.go:211","msg":"Connecting to Auth service at auth:50051"}
{"level":"info","ts":"2025-06-16T08:08:13.968Z","caller":"app/client.go:211","msg":"Connecting to Role service at role:50052"}
{"level":"info","ts":"2025-06-16T08:08:13.968Z","caller":"app/client.go:211","msg":"Connecting to Card service at card:50053"}
{"level":"info","ts":"2025-06-16T08:08:13.968Z","caller":"app/client.go:211","msg":"Connecting to Merchant service at merchant:50054"}
{"level":"info","ts":"2025-06-16T08:08:13.968Z","caller":"app/client.go:211","msg":"Connecting to User service at user:50055"}
{"level":"info","ts":"2025-06-16T08:08:13.968Z","caller":"app/client.go:211","msg":"Connecting to Saldo service at saldo:50056"}
{"level":"info","ts":"2025-06-16T08:08:13.968Z","caller":"app/client.go:211","msg":"Connecting to Topup service at topup:50057"}
{"level":"info","ts":"2025-06-16T08:08:13.968Z","caller":"app/client.go:211","msg":"Connecting to Transaction service at transaction:50058"}
{"level":"info","ts":"2025-06-16T08:08:13.969Z","caller":"app/client.go:211","msg":"Connecting to Transfer service at transfer:50059"}
{"level":"info","ts":"2025-06-16T08:08:13.969Z","caller":"app/client.go:211","msg":"Connecting to Withdraw service at withdraw:50060"}
{"level":"info","ts":"2025-06-16T08:08:13.977Z","caller":"app/client.go:118","msg":"Starting API Gateway server on :5000"}
{"level":"info","ts":"2025-06-16T08:08:13.978Z","caller":"app/client.go:126","msg":"Starting Prometheus metrics server on :8091"}
{"level":"debug","ts":"2025-06-16T08:11:32.090Z","caller":"app/client.go:74","msg":"Loading environment variables"}
{"level":"debug","ts":"2025-06-16T08:11:32.092Z","caller":"app/client.go:79","msg":"Creating gRPC connections..."}
{"level":"info","ts":"2025-06-16T08:11:32.092Z","caller":"app/client.go:211","msg":"Connecting to Auth service at auth:50051"}
{"level":"info","ts":"2025-06-16T08:11:32.092Z","caller":"app/client.go:211","msg":"Connecting to Role service at role:50052"}
{"level":"info","ts":"2025-06-16T08:11:32.092Z","caller":"app/client.go:211","msg":"Connecting to Card service at card:50053"}
{"level":"info","ts":"2025-06-16T08:11:32.093Z","caller":"app/client.go:211","msg":"Connecting to Merchant service at merchant:50054"}
{"level":"info","ts":"2025-06-16T08:11:32.093Z","caller":"app/client.go:211","msg":"Connecting to User service at user:50055"}
{"level":"info","ts":"2025-06-16T08:11:32.093Z","caller":"app/client.go:211","msg":"Connecting to Saldo service at saldo:50056"}
{"level":"info","ts":"2025-06-16T08:11:32.093Z","caller":"app/client.go:211","msg":"Connecting to Topup service at topup:50057"}
{"level":"info","ts":"2025-06-16T08:11:32.093Z","caller":"app/client.go:211","msg":"Connecting to Transaction service at transaction:50058"}
{"level":"info","ts":"2025-06-16T08:11:32.093Z","caller":"app/client.go:211","msg":"Connecting to Transfer service at transfer:50059"}
{"level":"info","ts":"2025-06-16T08:11:32.093Z","caller":"app/client.go:211","msg":"Connecting to Withdraw service at withdraw:50060"}
{"level":"info","ts":"2025-06-16T08:11:32.114Z","caller":"app/client.go:118","msg":"Starting API Gateway server on :5000"}
{"level":"info","ts":"2025-06-16T08:11:32.117Z","caller":"app/client.go:126","msg":"Starting Prometheus metrics server on :8091"}
{"level":"debug","ts":"2025-06-16T08:21:59.629Z","caller":"app/client.go:74","msg":"Loading environment variables"}
{"level":"debug","ts":"2025-06-16T08:21:59.631Z","caller":"app/client.go:79","msg":"Creating gRPC connections..."}
{"level":"info","ts":"2025-06-16T08:21:59.631Z","caller":"app/client.go:211","msg":"Connecting to Auth service at auth:50051"}
{"level":"info","ts":"2025-06-16T08:21:59.631Z","caller":"app/client.go:211","msg":"Connecting to Role service at role:50052"}
{"level":"info","ts":"2025-06-16T08:21:59.632Z","caller":"app/client.go:211","msg":"Connecting to Card service at card:50053"}
{"level":"info","ts":"2025-06-16T08:21:59.632Z","caller":"app/client.go:211","msg":"Connecting to Merchant service at merchant:50054"}
{"level":"info","ts":"2025-06-16T08:21:59.632Z","caller":"app/client.go:211","msg":"Connecting to User service at user:50055"}
{"level":"info","ts":"2025-06-16T08:21:59.632Z","caller":"app/client.go:211","msg":"Connecting to Saldo service at saldo:50056"}
{"level":"info","ts":"2025-06-16T08:21:59.632Z","caller":"app/client.go:211","msg":"Connecting to Topup service at topup:50057"}
{"level":"info","ts":"2025-06-16T08:21:59.633Z","caller":"app/client.go:211","msg":"Connecting to Transaction service at transaction:50058"}
{"level":"info","ts":"2025-06-16T08:21:59.633Z","caller":"app/client.go:211","msg":"Connecting to Transfer service at transfer:50059"}
{"level":"info","ts":"2025-06-16T08:21:59.633Z","caller":"app/client.go:211","msg":"Connecting to Withdraw service at withdraw:50060"}
{"level":"info","ts":"2025-06-16T08:21:59.647Z","caller":"app/client.go:118","msg":"Starting API Gateway server on :5000"}
{"level":"info","ts":"2025-06-16T08:21:59.648Z","caller":"app/client.go:126","msg":"Starting Prometheus metrics server on :8091"}
{"level":"debug","ts":"2025-06-16T08:32:05.648Z","caller":"app/client.go:74","msg":"Loading environment variables"}
{"level":"debug","ts":"2025-06-16T08:32:05.649Z","caller":"app/client.go:79","msg":"Creating gRPC connections..."}
{"level":"info","ts":"2025-06-16T08:32:05.649Z","caller":"app/client.go:211","msg":"Connecting to Auth service at auth:50051"}
{"level":"info","ts":"2025-06-16T08:32:05.650Z","caller":"app/client.go:211","msg":"Connecting to Role service at role:50052"}
{"level":"info","ts":"2025-06-16T08:32:05.650Z","caller":"app/client.go:211","msg":"Connecting to Card service at card:50053"}
{"level":"info","ts":"2025-06-16T08:32:05.650Z","caller":"app/client.go:211","msg":"Connecting to Merchant service at merchant:50054"}
{"level":"info","ts":"2025-06-16T08:32:05.650Z","caller":"app/client.go:211","msg":"Connecting to User service at user:50055"}
{"level":"info","ts":"2025-06-16T08:32:05.650Z","caller":"app/client.go:211","msg":"Connecting to Saldo service at saldo:50056"}
{"level":"info","ts":"2025-06-16T08:32:05.650Z","caller":"app/client.go:211","msg":"Connecting to Topup service at topup:50057"}
{"level":"info","ts":"2025-06-16T08:32:05.650Z","caller":"app/client.go:211","msg":"Connecting to Transaction service at transaction:50058"}
{"level":"info","ts":"2025-06-16T08:32:05.651Z","caller":"app/client.go:211","msg":"Connecting to Transfer service at transfer:50059"}
{"level":"info","ts":"2025-06-16T08:32:05.651Z","caller":"app/client.go:211","msg":"Connecting to Withdraw service at withdraw:50060"}
{"level":"info","ts":"2025-06-16T08:32:05.659Z","caller":"app/client.go:126","msg":"Starting Prometheus metrics server on :8091"}
{"level":"info","ts":"2025-06-16T08:32:05.659Z","caller":"app/client.go:118","msg":"Starting API Gateway server on :5000"}
{"level":"debug","ts":"2025-06-16T16:28:04.694Z","caller":"app/client.go:74","msg":"Loading environment variables"}
{"level":"debug","ts":"2025-06-16T16:28:04.695Z","caller":"app/client.go:79","msg":"Creating gRPC connections..."}
{"level":"info","ts":"2025-06-16T16:28:04.696Z","caller":"app/client.go:211","msg":"Connecting to Auth service at auth:50051"}
{"level":"info","ts":"2025-06-16T16:28:04.696Z","caller":"app/client.go:211","msg":"Connecting to Role service at role:50052"}
{"level":"info","ts":"2025-06-16T16:28:04.696Z","caller":"app/client.go:211","msg":"Connecting to Card service at card:50053"}
{"level":"info","ts":"2025-06-16T16:28:04.696Z","caller":"app/client.go:211","msg":"Connecting to Merchant service at merchant:50054"}
{"level":"info","ts":"2025-06-16T16:28:04.696Z","caller":"app/client.go:211","msg":"Connecting to User service at user:50055"}
{"level":"info","ts":"2025-06-16T16:28:04.696Z","caller":"app/client.go:211","msg":"Connecting to Saldo service at saldo:50056"}
{"level":"info","ts":"2025-06-16T16:28:04.696Z","caller":"app/client.go:211","msg":"Connecting to Topup service at topup:50057"}
{"level":"info","ts":"2025-06-16T16:28:04.697Z","caller":"app/client.go:211","msg":"Connecting to Transaction service at transaction:50058"}
{"level":"info","ts":"2025-06-16T16:28:04.697Z","caller":"app/client.go:211","msg":"Connecting to Transfer service at transfer:50059"}
{"level":"info","ts":"2025-06-16T16:28:04.697Z","caller":"app/client.go:211","msg":"Connecting to Withdraw service at withdraw:50060"}
{"level":"info","ts":"2025-06-16T16:28:04.711Z","caller":"app/client.go:126","msg":"Starting Prometheus metrics server on :8091"}
{"level":"info","ts":"2025-06-16T16:28:04.711Z","caller":"app/client.go:118","msg":"Starting API Gateway server on :5000"}
{"level":"debug","ts":"2025-06-16T22:41:29.619Z","caller":"app/client.go:74","msg":"Loading environment variables"}
{"level":"debug","ts":"2025-06-16T22:41:29.619Z","caller":"app/client.go:79","msg":"Creating gRPC connections..."}
{"level":"info","ts":"2025-06-16T22:41:29.620Z","caller":"app/client.go:211","msg":"Connecting to Auth service at auth:50051"}
{"level":"info","ts":"2025-06-16T22:41:29.620Z","caller":"app/client.go:211","msg":"Connecting to Role service at role:50052"}
{"level":"info","ts":"2025-06-16T22:41:29.620Z","caller":"app/client.go:211","msg":"Connecting to Card service at card:50053"}
{"level":"info","ts":"2025-06-16T22:41:29.620Z","caller":"app/client.go:211","msg":"Connecting to Merchant service at merchant:50054"}
{"level":"info","ts":"2025-06-16T22:41:29.621Z","caller":"app/client.go:211","msg":"Connecting to User service at user:50055"}
{"level":"info","ts":"2025-06-16T22:41:29.621Z","caller":"app/client.go:211","msg":"Connecting to Saldo service at saldo:50056"}
{"level":"info","ts":"2025-06-16T22:41:29.621Z","caller":"app/client.go:211","msg":"Connecting to Topup service at topup:50057"}
{"level":"info","ts":"2025-06-16T22:41:29.621Z","caller":"app/client.go:211","msg":"Connecting to Transaction service at transaction:50058"}
{"level":"info","ts":"2025-06-16T22:41:29.621Z","caller":"app/client.go:211","msg":"Connecting to Transfer service at transfer:50059"}
{"level":"info","ts":"2025-06-16T22:41:29.621Z","caller":"app/client.go:211","msg":"Connecting to Withdraw service at withdraw:50060"}
{"level":"info","ts":"2025-06-16T22:41:29.639Z","caller":"app/client.go:118","msg":"Starting API Gateway server on :5000"}
{"level":"info","ts":"2025-06-16T22:41:29.639Z","caller":"app/client.go:126","msg":"Starting Prometheus metrics server on :8091"}
