{"level":"debug","ts":"2025-06-13T03:35:27.650Z","caller":"database/connect.go:70","msg":"Database connection established successfully with connection pool settings","DB_DRIVER":"postgres","MaxOpenConns":50,"MaxIdleConns":10,"ConnMaxLifetime":"30m0s"}
{"level":"info","ts":"2025-06-13T03:35:27.667Z","caller":"apps/server.go:186","msg":"Server running on port 50054"}
{"level":"info","ts":"2025-06-13T03:35:27.668Z","caller":"apps/server.go:201","msg":"gRPC server listening on :50054"}
{"level":"info","ts":"2025-06-13T03:35:27.668Z","caller":"apps/server.go:193","msg":"Metrics server listening on :8084"}
{"level":"debug","ts":"2025-06-13T06:08:26.185Z","caller":"database/connect.go:70","msg":"Database connection established successfully with connection pool settings","DB_DRIVER":"postgres","MaxOpenConns":50,"MaxIdleConns":10,"ConnMaxLifetime":"30m0s"}
{"level":"info","ts":"2025-06-13T06:08:26.196Z","caller":"apps/server.go:186","msg":"Server running on port 50054"}
{"level":"info","ts":"2025-06-13T06:08:26.197Z","caller":"apps/server.go:201","msg":"gRPC server listening on :50054"}
{"level":"info","ts":"2025-06-13T06:08:26.197Z","caller":"apps/server.go:193","msg":"Metrics server listening on :8084"}
{"level":"debug","ts":"2025-06-13T06:13:44.044Z","caller":"database/connect.go:70","msg":"Database connection established successfully with connection pool settings","DB_DRIVER":"postgres","MaxOpenConns":50,"MaxIdleConns":10,"ConnMaxLifetime":"30m0s"}
{"level":"info","ts":"2025-06-13T06:13:44.070Z","caller":"apps/server.go:186","msg":"Server running on port 50054"}
{"level":"info","ts":"2025-06-13T06:13:44.070Z","caller":"apps/server.go:201","msg":"gRPC server listening on :50054"}
{"level":"info","ts":"2025-06-13T06:13:44.071Z","caller":"apps/server.go:193","msg":"Metrics server listening on :8084"}
{"level":"debug","ts":"2025-06-13T06:32:26.263Z","caller":"database/connect.go:70","msg":"Database connection established successfully with connection pool settings","DB_DRIVER":"postgres","MaxOpenConns":50,"MaxIdleConns":10,"ConnMaxLifetime":"30m0s"}
{"level":"info","ts":"2025-06-13T06:32:26.290Z","caller":"apps/server.go:186","msg":"Server running on port 50054"}
{"level":"info","ts":"2025-06-13T06:32:26.290Z","caller":"apps/server.go:201","msg":"gRPC server listening on :50054"}
{"level":"info","ts":"2025-06-13T06:32:26.291Z","caller":"apps/server.go:193","msg":"Metrics server listening on :8084"}
{"level":"debug","ts":"2025-06-13T06:36:56.437Z","caller":"database/connect.go:70","msg":"Database connection established successfully with connection pool settings","DB_DRIVER":"postgres","MaxOpenConns":50,"MaxIdleConns":10,"ConnMaxLifetime":"30m0s"}
{"level":"info","ts":"2025-06-13T06:36:56.450Z","caller":"apps/server.go:186","msg":"Server running on port 50054"}
{"level":"info","ts":"2025-06-13T06:36:56.450Z","caller":"apps/server.go:201","msg":"gRPC server listening on :50054"}
{"level":"info","ts":"2025-06-13T06:36:56.450Z","caller":"apps/server.go:193","msg":"Metrics server listening on :8084"}
{"level":"debug","ts":"2025-06-13T06:39:24.219Z","caller":"database/connect.go:70","msg":"Database connection established successfully with connection pool settings","DB_DRIVER":"postgres","MaxOpenConns":50,"MaxIdleConns":10,"ConnMaxLifetime":"30m0s"}
{"level":"info","ts":"2025-06-13T06:39:24.237Z","caller":"apps/server.go:186","msg":"Server running on port 50054"}
{"level":"info","ts":"2025-06-13T06:39:24.238Z","caller":"apps/server.go:193","msg":"Metrics server listening on :8084"}
{"level":"info","ts":"2025-06-13T06:39:24.238Z","caller":"apps/server.go:201","msg":"gRPC server listening on :50054"}
{"level":"debug","ts":"2025-06-13T07:30:08.656Z","caller":"database/connect.go:70","msg":"Database connection established successfully with connection pool settings","DB_DRIVER":"postgres","MaxOpenConns":50,"MaxIdleConns":10,"ConnMaxLifetime":"30m0s"}
{"level":"info","ts":"2025-06-13T07:30:08.678Z","caller":"apps/server.go:186","msg":"Server running on port 50054"}
{"level":"info","ts":"2025-06-13T07:30:08.680Z","caller":"apps/server.go:193","msg":"Metrics server listening on :8084"}
{"level":"info","ts":"2025-06-13T07:30:08.680Z","caller":"apps/server.go:201","msg":"gRPC server listening on :50054"}
{"level":"debug","ts":"2025-06-13T07:31:44.372Z","caller":"database/connect.go:70","msg":"Database connection established successfully with connection pool settings","DB_DRIVER":"postgres","MaxOpenConns":50,"MaxIdleConns":10,"ConnMaxLifetime":"30m0s"}
{"level":"info","ts":"2025-06-13T07:31:44.437Z","caller":"apps/server.go:186","msg":"Server running on port 50054"}
{"level":"info","ts":"2025-06-13T07:31:44.438Z","caller":"apps/server.go:201","msg":"gRPC server listening on :50054"}
{"level":"info","ts":"2025-06-13T07:31:44.438Z","caller":"apps/server.go:193","msg":"Metrics server listening on :8084"}
{"level":"debug","ts":"2025-06-13T07:36:55.370Z","caller":"database/connect.go:70","msg":"Database connection established successfully with connection pool settings","DB_DRIVER":"postgres","MaxOpenConns":50,"MaxIdleConns":10,"ConnMaxLifetime":"30m0s"}
{"level":"info","ts":"2025-06-13T07:36:55.383Z","caller":"apps/server.go:186","msg":"Server running on port 50054"}
{"level":"info","ts":"2025-06-13T07:36:55.383Z","caller":"apps/server.go:201","msg":"gRPC server listening on :50054"}
{"level":"info","ts":"2025-06-13T07:36:55.383Z","caller":"apps/server.go:193","msg":"Metrics server listening on :8084"}
{"level":"debug","ts":"2025-06-13T08:36:21.195Z","caller":"database/connect.go:70","msg":"Database connection established successfully with connection pool settings","DB_DRIVER":"postgres","MaxOpenConns":50,"MaxIdleConns":10,"ConnMaxLifetime":"30m0s"}
{"level":"info","ts":"2025-06-13T08:36:21.238Z","caller":"apps/server.go:186","msg":"Server running on port 50054"}
{"level":"info","ts":"2025-06-13T08:36:21.239Z","caller":"apps/server.go:201","msg":"gRPC server listening on :50054"}
{"level":"info","ts":"2025-06-13T08:36:21.239Z","caller":"apps/server.go:193","msg":"Metrics server listening on :8084"}
{"level":"debug","ts":"2025-06-13T11:44:31.912Z","caller":"database/connect.go:70","msg":"Database connection established successfully with connection pool settings","DB_DRIVER":"postgres","MaxOpenConns":50,"MaxIdleConns":10,"ConnMaxLifetime":"30m0s"}
{"level":"info","ts":"2025-06-13T11:44:31.935Z","caller":"apps/server.go:186","msg":"Server running on port 50054"}
{"level":"info","ts":"2025-06-13T11:44:31.936Z","caller":"apps/server.go:201","msg":"gRPC server listening on :50054"}
{"level":"info","ts":"2025-06-13T11:44:31.936Z","caller":"apps/server.go:193","msg":"Metrics server listening on :8084"}
{"level":"debug","ts":"2025-06-13T11:49:26.303Z","caller":"database/connect.go:70","msg":"Database connection established successfully with connection pool settings","DB_DRIVER":"postgres","MaxOpenConns":50,"MaxIdleConns":10,"ConnMaxLifetime":"30m0s"}
{"level":"info","ts":"2025-06-13T11:49:26.319Z","caller":"apps/server.go:186","msg":"Server running on port 50054"}
{"level":"info","ts":"2025-06-13T11:49:26.319Z","caller":"apps/server.go:201","msg":"gRPC server listening on :50054"}
{"level":"info","ts":"2025-06-13T11:49:26.319Z","caller":"apps/server.go:193","msg":"Metrics server listening on :8084"}
{"level":"debug","ts":"2025-06-13T11:53:59.095Z","caller":"database/connect.go:70","msg":"Database connection established successfully with connection pool settings","DB_DRIVER":"postgres","MaxOpenConns":50,"MaxIdleConns":10,"ConnMaxLifetime":"30m0s"}
{"level":"info","ts":"2025-06-13T11:53:59.116Z","caller":"apps/server.go:186","msg":"Server running on port 50054"}
{"level":"info","ts":"2025-06-13T11:53:59.117Z","caller":"apps/server.go:201","msg":"gRPC server listening on :50054"}
{"level":"info","ts":"2025-06-13T11:53:59.117Z","caller":"apps/server.go:193","msg":"Metrics server listening on :8084"}
{"level":"debug","ts":"2025-06-16T07:37:59.439Z","caller":"database/connect.go:70","msg":"Database connection established successfully with connection pool settings","DB_DRIVER":"postgres","MaxOpenConns":50,"MaxIdleConns":10,"ConnMaxLifetime":"30m0s"}
{"level":"info","ts":"2025-06-16T07:37:59.458Z","caller":"apps/server.go:186","msg":"Server running on port 50054"}
{"level":"info","ts":"2025-06-16T07:37:59.458Z","caller":"apps/server.go:201","msg":"gRPC server listening on :50054"}
{"level":"info","ts":"2025-06-16T07:37:59.458Z","caller":"apps/server.go:193","msg":"Metrics server listening on :8084"}
{"level":"debug","ts":"2025-06-16T07:45:45.598Z","caller":"database/connect.go:70","msg":"Database connection established successfully with connection pool settings","DB_DRIVER":"postgres","MaxOpenConns":50,"MaxIdleConns":10,"ConnMaxLifetime":"30m0s"}
{"level":"info","ts":"2025-06-16T07:45:45.636Z","caller":"apps/server.go:186","msg":"Server running on port 50054"}
{"level":"info","ts":"2025-06-16T07:45:45.636Z","caller":"apps/server.go:201","msg":"gRPC server listening on :50054"}
{"level":"info","ts":"2025-06-16T07:45:45.636Z","caller":"apps/server.go:193","msg":"Metrics server listening on :8084"}
{"level":"debug","ts":"2025-06-16T08:00:36.153Z","caller":"database/connect.go:70","msg":"Database connection established successfully with connection pool settings","DB_DRIVER":"postgres","MaxOpenConns":50,"MaxIdleConns":10,"ConnMaxLifetime":"30m0s"}
{"level":"info","ts":"2025-06-16T08:00:36.170Z","caller":"apps/server.go:186","msg":"Server running on port 50054"}
{"level":"info","ts":"2025-06-16T08:00:36.170Z","caller":"apps/server.go:201","msg":"gRPC server listening on :50054"}
{"level":"info","ts":"2025-06-16T08:00:36.170Z","caller":"apps/server.go:193","msg":"Metrics server listening on :8084"}
{"level":"debug","ts":"2025-06-16T08:03:17.489Z","caller":"database/connect.go:70","msg":"Database connection established successfully with connection pool settings","DB_DRIVER":"postgres","MaxOpenConns":50,"MaxIdleConns":10,"ConnMaxLifetime":"30m0s"}
{"level":"info","ts":"2025-06-16T08:03:17.507Z","caller":"apps/server.go:186","msg":"Server running on port 50054"}
{"level":"info","ts":"2025-06-16T08:03:17.507Z","caller":"apps/server.go:201","msg":"gRPC server listening on :50054"}
{"level":"info","ts":"2025-06-16T08:03:17.507Z","caller":"apps/server.go:193","msg":"Metrics server listening on :8084"}
{"level":"debug","ts":"2025-06-16T08:08:13.046Z","caller":"database/connect.go:70","msg":"Database connection established successfully with connection pool settings","DB_DRIVER":"postgres","MaxOpenConns":50,"MaxIdleConns":10,"ConnMaxLifetime":"30m0s"}
{"level":"info","ts":"2025-06-16T08:08:13.063Z","caller":"apps/server.go:186","msg":"Server running on port 50054"}
{"level":"info","ts":"2025-06-16T08:08:13.064Z","caller":"apps/server.go:201","msg":"gRPC server listening on :50054"}
{"level":"info","ts":"2025-06-16T08:08:13.064Z","caller":"apps/server.go:193","msg":"Metrics server listening on :8084"}
{"level":"debug","ts":"2025-06-16T08:11:31.063Z","caller":"database/connect.go:70","msg":"Database connection established successfully with connection pool settings","DB_DRIVER":"postgres","MaxOpenConns":50,"MaxIdleConns":10,"ConnMaxLifetime":"30m0s"}
{"level":"info","ts":"2025-06-16T08:11:31.087Z","caller":"apps/server.go:186","msg":"Server running on port 50054"}
{"level":"info","ts":"2025-06-16T08:11:31.088Z","caller":"apps/server.go:201","msg":"gRPC server listening on :50054"}
{"level":"info","ts":"2025-06-16T08:11:31.089Z","caller":"apps/server.go:193","msg":"Metrics server listening on :8084"}
{"level":"debug","ts":"2025-06-16T08:21:57.833Z","caller":"database/connect.go:70","msg":"Database connection established successfully with connection pool settings","DB_DRIVER":"postgres","MaxOpenConns":50,"MaxIdleConns":10,"ConnMaxLifetime":"30m0s"}
{"level":"info","ts":"2025-06-16T08:21:57.960Z","caller":"apps/server.go:186","msg":"Server running on port 50054"}
{"level":"info","ts":"2025-06-16T08:21:57.961Z","caller":"apps/server.go:193","msg":"Metrics server listening on :8084"}
{"level":"info","ts":"2025-06-16T08:21:57.962Z","caller":"apps/server.go:201","msg":"gRPC server listening on :50054"}
{"level":"debug","ts":"2025-06-16T08:32:04.827Z","caller":"database/connect.go:70","msg":"Database connection established successfully with connection pool settings","DB_DRIVER":"postgres","MaxOpenConns":50,"MaxIdleConns":10,"ConnMaxLifetime":"30m0s"}
{"level":"info","ts":"2025-06-16T08:32:04.856Z","caller":"apps/server.go:186","msg":"Server running on port 50054"}
{"level":"info","ts":"2025-06-16T08:32:04.857Z","caller":"apps/server.go:201","msg":"gRPC server listening on :50054"}
{"level":"info","ts":"2025-06-16T08:32:04.857Z","caller":"apps/server.go:193","msg":"Metrics server listening on :8084"}
{"level":"debug","ts":"2025-06-16T16:28:03.525Z","caller":"database/connect.go:70","msg":"Database connection established successfully with connection pool settings","DB_DRIVER":"postgres","MaxOpenConns":50,"MaxIdleConns":10,"ConnMaxLifetime":"30m0s"}
{"level":"info","ts":"2025-06-16T16:28:03.591Z","caller":"apps/server.go:186","msg":"Server running on port 50054"}
{"level":"info","ts":"2025-06-16T16:28:03.591Z","caller":"apps/server.go:201","msg":"gRPC server listening on :50054"}
{"level":"info","ts":"2025-06-16T16:28:03.592Z","caller":"apps/server.go:193","msg":"Metrics server listening on :8084"}
{"level":"debug","ts":"2025-06-16T22:41:28.859Z","caller":"database/connect.go:70","msg":"Database connection established successfully with connection pool settings","DB_DRIVER":"postgres","MaxOpenConns":50,"MaxIdleConns":10,"ConnMaxLifetime":"30m0s"}
{"level":"info","ts":"2025-06-16T22:41:28.884Z","caller":"apps/server.go:186","msg":"Server running on port 50054"}
{"level":"info","ts":"2025-06-16T22:41:28.885Z","caller":"apps/server.go:201","msg":"gRPC server listening on :50054"}
{"level":"info","ts":"2025-06-16T22:41:28.885Z","caller":"apps/server.go:193","msg":"Metrics server listening on :8084"}
{"level":"debug","ts":"2025-06-17T05:30:23.814Z","caller":"database/connect.go:70","msg":"Database connection established successfully with connection pool settings","DB_DRIVER":"postgres","MaxOpenConns":50,"MaxIdleConns":10,"ConnMaxLifetime":"30m0s"}
{"level":"info","ts":"2025-06-17T05:30:23.834Z","caller":"apps/server.go:186","msg":"Server running on port 50054"}
{"level":"info","ts":"2025-06-17T05:30:23.835Z","caller":"apps/server.go:201","msg":"gRPC server listening on :50054"}
{"level":"info","ts":"2025-06-17T05:30:23.835Z","caller":"apps/server.go:193","msg":"Metrics server listening on :8084"}
{"level":"debug","ts":"2025-06-17T08:39:35.731Z","caller":"database/connect.go:70","msg":"Database connection established successfully with connection pool settings","DB_DRIVER":"postgres","MaxOpenConns":50,"MaxIdleConns":10,"ConnMaxLifetime":"30m0s"}
{"level":"info","ts":"2025-06-17T08:39:35.768Z","caller":"apps/server.go:186","msg":"Server running on port 50054"}
{"level":"info","ts":"2025-06-17T08:39:35.769Z","caller":"apps/server.go:193","msg":"Metrics server listening on :8084"}
{"level":"info","ts":"2025-06-17T08:39:35.769Z","caller":"apps/server.go:201","msg":"gRPC server listening on :50054"}
{"level":"debug","ts":"2025-06-17T09:27:34.418Z","caller":"database/connect.go:70","msg":"Database connection established successfully with connection pool settings","DB_DRIVER":"postgres","MaxOpenConns":50,"MaxIdleConns":10,"ConnMaxLifetime":"30m0s"}
{"level":"info","ts":"2025-06-17T09:27:34.435Z","caller":"apps/server.go:186","msg":"Server running on port 50054"}
{"level":"info","ts":"2025-06-17T09:27:34.436Z","caller":"apps/server.go:201","msg":"gRPC server listening on :50054"}
{"level":"info","ts":"2025-06-17T09:27:34.436Z","caller":"apps/server.go:193","msg":"Metrics server listening on :8084"}
{"level":"debug","ts":"2025-06-24T09:16:57.343Z","caller":"database/connect.go:70","msg":"Database connection established successfully with connection pool settings","DB_DRIVER":"postgres","MaxOpenConns":50,"MaxIdleConns":10,"ConnMaxLifetime":"30m0s"}
{"level":"info","ts":"2025-06-24T09:16:57.367Z","caller":"apps/server.go:186","msg":"Server running on port 50054"}
{"level":"info","ts":"2025-06-24T09:16:57.368Z","caller":"apps/server.go:201","msg":"gRPC server listening on :50054"}
{"level":"info","ts":"2025-06-24T09:16:57.368Z","caller":"apps/server.go:193","msg":"Metrics server listening on :8084"}
{"level":"debug","ts":"2025-06-24T09:40:22.567Z","caller":"database/connect.go:70","msg":"Database connection established successfully with connection pool settings","DB_DRIVER":"postgres","MaxOpenConns":50,"MaxIdleConns":10,"ConnMaxLifetime":"30m0s"}
{"level":"info","ts":"2025-06-24T09:40:22.626Z","caller":"apps/server.go:186","msg":"Server running on port 50054"}
{"level":"info","ts":"2025-06-24T09:40:22.627Z","caller":"apps/server.go:201","msg":"gRPC server listening on :50054"}
{"level":"info","ts":"2025-06-24T09:40:22.628Z","caller":"apps/server.go:193","msg":"Metrics server listening on :8084"}
{"level":"debug","ts":"2025-06-24T09:48:40.387Z","caller":"database/connect.go:70","msg":"Database connection established successfully with connection pool settings","DB_DRIVER":"postgres","MaxOpenConns":50,"MaxIdleConns":10,"ConnMaxLifetime":"30m0s"}
{"level":"info","ts":"2025-06-24T09:48:40.422Z","caller":"apps/server.go:186","msg":"Server running on port 50054"}
{"level":"info","ts":"2025-06-24T09:48:40.423Z","caller":"apps/server.go:193","msg":"Metrics server listening on :8084"}
{"level":"info","ts":"2025-06-24T09:48:40.423Z","caller":"apps/server.go:201","msg":"gRPC server listening on :50054"}
{"level":"debug","ts":"2025-06-24T10:44:38.259Z","caller":"database/connect.go:70","msg":"Database connection established successfully with connection pool settings","DB_DRIVER":"postgres","MaxOpenConns":50,"MaxIdleConns":10,"ConnMaxLifetime":"30m0s"}
{"level":"info","ts":"2025-06-24T10:44:38.267Z","caller":"apps/server.go:186","msg":"Server running on port 50054"}
{"level":"info","ts":"2025-06-24T10:44:38.267Z","caller":"apps/server.go:201","msg":"gRPC server listening on :50054"}
{"level":"info","ts":"2025-06-24T10:44:38.267Z","caller":"apps/server.go:193","msg":"Metrics server listening on :8084"}
{"level":"debug","ts":"2025-06-24T11:04:41.300Z","caller":"database/connect.go:70","msg":"Database connection established successfully with connection pool settings","DB_DRIVER":"postgres","MaxOpenConns":50,"MaxIdleConns":10,"ConnMaxLifetime":"30m0s"}
{"level":"info","ts":"2025-06-24T11:04:41.318Z","caller":"apps/server.go:186","msg":"Server running on port 50054"}
{"level":"info","ts":"2025-06-24T11:04:41.319Z","caller":"apps/server.go:193","msg":"Metrics server listening on :8084"}
{"level":"info","ts":"2025-06-24T11:04:41.319Z","caller":"apps/server.go:201","msg":"gRPC server listening on :50054"}
{"level":"debug","ts":"2025-06-24T11:32:47.830Z","caller":"database/connect.go:70","msg":"Database connection established successfully with connection pool settings","DB_DRIVER":"postgres","MaxOpenConns":50,"MaxIdleConns":10,"ConnMaxLifetime":"30m0s"}
{"level":"info","ts":"2025-06-24T11:32:47.851Z","caller":"apps/server.go:186","msg":"Server running on port 50054"}
{"level":"info","ts":"2025-06-24T11:32:47.853Z","caller":"apps/server.go:201","msg":"gRPC server listening on :50054"}
{"level":"info","ts":"2025-06-24T11:32:47.853Z","caller":"apps/server.go:193","msg":"Metrics server listening on :8084"}
{"level":"debug","ts":"2025-06-24T11:38:34.592Z","caller":"database/connect.go:70","msg":"Database connection established successfully with connection pool settings","DB_DRIVER":"postgres","MaxOpenConns":50,"MaxIdleConns":10,"ConnMaxLifetime":"30m0s"}
{"level":"info","ts":"2025-06-24T11:38:34.643Z","caller":"apps/server.go:186","msg":"Server running on port 50054"}
{"level":"info","ts":"2025-06-24T11:38:34.644Z","caller":"apps/server.go:201","msg":"gRPC server listening on :50054"}
{"level":"info","ts":"2025-06-24T11:38:34.644Z","caller":"apps/server.go:193","msg":"Metrics server listening on :8084"}
{"level":"debug","ts":"2025-06-24T12:23:01.006Z","caller":"database/connect.go:70","msg":"Database connection established successfully with connection pool settings","DB_DRIVER":"postgres","MaxOpenConns":50,"MaxIdleConns":10,"ConnMaxLifetime":"30m0s"}
{"level":"info","ts":"2025-06-24T12:23:01.026Z","caller":"apps/server.go:186","msg":"Server running on port 50054"}
{"level":"info","ts":"2025-06-24T12:23:01.026Z","caller":"apps/server.go:201","msg":"gRPC server listening on :50054"}
{"level":"info","ts":"2025-06-24T12:23:01.026Z","caller":"apps/server.go:193","msg":"Metrics server listening on :8084"}
{"level":"info","ts":"2025-06-24T12:55:19.670Z","caller":"service/merchantQueryService.go:282","msg":"Start: FindByApiKey"}
{"level":"debug","ts":"2025-06-24T12:55:19.690Z","caller":"redis/cache_helper.go:52","msg":"Successfully cached data","cacheKey":"merchant:api_key:14c95a1a7f30d1c4598e39daab5008a6113a9f0a8c0262953b0af368710f9da2","expiration":"5m0s"}
{"level":"info","ts":"2025-06-24T12:55:19.690Z","caller":"service/merchantQueryService.go:296","msg":"Successfully found merchant by API key","api_key":"14c95a1a7f30d1c4598e39daab5008a6113a9f0a8c0262953b0af368710f9da2"}
{"level":"info","ts":"2025-06-24T12:57:46.898Z","caller":"service/merchantQueryService.go:282","msg":"Start: FindByApiKey"}
{"level":"info","ts":"2025-06-24T12:57:46.898Z","caller":"service/merchantQueryService.go:296","msg":"Successfully found merchant by API key from cache","api_key":"14c95a1a7f30d1c4598e39daab5008a6113a9f0a8c0262953b0af368710f9da2"}
{"level":"info","ts":"2025-06-24T12:58:02.943Z","caller":"service/merchantQueryService.go:282","msg":"Start: FindByApiKey"}
{"level":"info","ts":"2025-06-24T12:58:02.943Z","caller":"service/merchantQueryService.go:296","msg":"Successfully found merchant by API key from cache","api_key":"14c95a1a7f30d1c4598e39daab5008a6113a9f0a8c0262953b0af368710f9da2"}
{"level":"info","ts":"2025-06-24T12:58:09.901Z","caller":"service/merchantQueryService.go:282","msg":"Start: FindByApiKey"}
{"level":"info","ts":"2025-06-24T12:58:09.901Z","caller":"service/merchantQueryService.go:296","msg":"Successfully found merchant by API key from cache","api_key":"14c95a1a7f30d1c4598e39daab5008a6113a9f0a8c0262953b0af368710f9da2"}
{"level":"info","ts":"2025-06-24T12:58:25.197Z","caller":"service/merchantQueryService.go:282","msg":"Start: FindByApiKey"}
{"level":"info","ts":"2025-06-24T12:58:25.197Z","caller":"service/merchantQueryService.go:296","msg":"Successfully found merchant by API key from cache","api_key":"14c95a1a7f30d1c4598e39daab5008a6113a9f0a8c0262953b0af368710f9da2"}
{"level":"info","ts":"2025-06-24T12:59:16.754Z","caller":"service/merchantQueryService.go:282","msg":"Start: FindByApiKey"}
{"level":"info","ts":"2025-06-24T12:59:16.755Z","caller":"service/merchantQueryService.go:296","msg":"Successfully found merchant by API key from cache","api_key":"14c95a1a7f30d1c4598e39daab5008a6113a9f0a8c0262953b0af368710f9da2"}
{"level":"debug","ts":"2025-06-24T13:07:29.281Z","caller":"database/connect.go:70","msg":"Database connection established successfully with connection pool settings","DB_DRIVER":"postgres","MaxOpenConns":50,"MaxIdleConns":10,"ConnMaxLifetime":"30m0s"}
{"level":"info","ts":"2025-06-24T13:07:29.312Z","caller":"apps/server.go:186","msg":"Server running on port 50054"}
{"level":"info","ts":"2025-06-24T13:07:29.312Z","caller":"apps/server.go:201","msg":"gRPC server listening on :50054"}
{"level":"info","ts":"2025-06-24T13:07:29.313Z","caller":"apps/server.go:193","msg":"Metrics server listening on :8084"}
{"level":"info","ts":"2025-06-24T13:07:37.113Z","caller":"service/merchantQueryService.go:282","msg":"Start: FindByApiKey"}
{"level":"debug","ts":"2025-06-24T13:07:37.128Z","caller":"redis/cache_helper.go:52","msg":"Successfully cached data","cacheKey":"merchant:api_key:14c95a1a7f30d1c4598e39daab5008a6113a9f0a8c0262953b0af368710f9da2","expiration":"5m0s"}
{"level":"info","ts":"2025-06-24T13:07:37.128Z","caller":"service/merchantQueryService.go:296","msg":"Successfully found merchant by API key","api_key":"14c95a1a7f30d1c4598e39daab5008a6113a9f0a8c0262953b0af368710f9da2"}
{"level":"debug","ts":"2025-06-24T13:17:47.312Z","caller":"database/connect.go:70","msg":"Database connection established successfully with connection pool settings","DB_DRIVER":"postgres","MaxOpenConns":50,"MaxIdleConns":10,"ConnMaxLifetime":"30m0s"}
{"level":"info","ts":"2025-06-24T13:17:47.327Z","caller":"apps/server.go:186","msg":"Server running on port 50054"}
{"level":"info","ts":"2025-06-24T13:17:47.327Z","caller":"apps/server.go:201","msg":"gRPC server listening on :50054"}
{"level":"info","ts":"2025-06-24T13:17:47.327Z","caller":"apps/server.go:193","msg":"Metrics server listening on :8084"}
{"level":"info","ts":"2025-06-24T13:17:54.509Z","caller":"service/merchantQueryService.go:282","msg":"Start: FindByApiKey"}
{"level":"debug","ts":"2025-06-24T13:17:54.522Z","caller":"redis/cache_helper.go:52","msg":"Successfully cached data","cacheKey":"merchant:api_key:14c95a1a7f30d1c4598e39daab5008a6113a9f0a8c0262953b0af368710f9da2","expiration":"5m0s"}
{"level":"info","ts":"2025-06-24T13:17:54.522Z","caller":"service/merchantQueryService.go:296","msg":"Successfully found merchant by API key","api_key":"14c95a1a7f30d1c4598e39daab5008a6113a9f0a8c0262953b0af368710f9da2"}
{"level":"debug","ts":"2025-06-24T13:25:07.430Z","caller":"database/connect.go:70","msg":"Database connection established successfully with connection pool settings","DB_DRIVER":"postgres","MaxOpenConns":50,"MaxIdleConns":10,"ConnMaxLifetime":"30m0s"}
{"level":"info","ts":"2025-06-24T13:25:07.460Z","caller":"apps/server.go:186","msg":"Server running on port 50054"}
{"level":"info","ts":"2025-06-24T13:25:07.470Z","caller":"apps/server.go:201","msg":"gRPC server listening on :50054"}
{"level":"info","ts":"2025-06-24T13:25:07.470Z","caller":"apps/server.go:193","msg":"Metrics server listening on :8084"}
{"level":"info","ts":"2025-06-24T13:25:19.235Z","caller":"service/merchantQueryService.go:282","msg":"Start: FindByApiKey"}
{"level":"debug","ts":"2025-06-24T13:25:19.258Z","caller":"redis/cache_helper.go:52","msg":"Successfully cached data","cacheKey":"merchant:api_key:14c95a1a7f30d1c4598e39daab5008a6113a9f0a8c0262953b0af368710f9da2","expiration":"5m0s"}
{"level":"info","ts":"2025-06-24T13:25:19.258Z","caller":"service/merchantQueryService.go:296","msg":"Successfully found merchant by API key","api_key":"14c95a1a7f30d1c4598e39daab5008a6113a9f0a8c0262953b0af368710f9da2"}
{"level":"debug","ts":"2025-06-24T13:28:07.181Z","caller":"database/connect.go:70","msg":"Database connection established successfully with connection pool settings","DB_DRIVER":"postgres","MaxOpenConns":50,"MaxIdleConns":10,"ConnMaxLifetime":"30m0s"}
{"level":"info","ts":"2025-06-24T13:28:07.195Z","caller":"apps/server.go:186","msg":"Server running on port 50054"}
{"level":"info","ts":"2025-06-24T13:28:07.195Z","caller":"apps/server.go:201","msg":"gRPC server listening on :50054"}
{"level":"info","ts":"2025-06-24T13:28:07.195Z","caller":"apps/server.go:193","msg":"Metrics server listening on :8084"}
{"level":"debug","ts":"2025-06-24T13:36:02.870Z","caller":"database/connect.go:70","msg":"Database connection established successfully with connection pool settings","DB_DRIVER":"postgres","MaxOpenConns":50,"MaxIdleConns":10,"ConnMaxLifetime":"30m0s"}
{"level":"info","ts":"2025-06-24T13:36:02.903Z","caller":"apps/server.go:186","msg":"Server running on port 50054"}
{"level":"info","ts":"2025-06-24T13:36:02.903Z","caller":"apps/server.go:201","msg":"gRPC server listening on :50054"}
{"level":"info","ts":"2025-06-24T13:36:02.904Z","caller":"apps/server.go:193","msg":"Metrics server listening on :8084"}
{"level":"info","ts":"2025-06-24T13:36:30.193Z","caller":"service/merchantQueryService.go:282","msg":"Start: FindByApiKey"}
{"level":"debug","ts":"2025-06-24T13:36:30.208Z","caller":"redis/cache_helper.go:52","msg":"Successfully cached data","cacheKey":"merchant:api_key:14c95a1a7f30d1c4598e39daab5008a6113a9f0a8c0262953b0af368710f9da2","expiration":"5m0s"}
{"level":"info","ts":"2025-06-24T13:36:30.208Z","caller":"service/merchantQueryService.go:296","msg":"Successfully found merchant by API key","api_key":"14c95a1a7f30d1c4598e39daab5008a6113a9f0a8c0262953b0af368710f9da2"}
{"level":"info","ts":"2025-06-24T13:37:20.986Z","caller":"service/merchantQueryService.go:282","msg":"Start: FindByApiKey"}
{"level":"info","ts":"2025-06-24T13:37:20.986Z","caller":"service/merchantQueryService.go:296","msg":"Successfully found merchant by API key from cache","api_key":"14c95a1a7f30d1c4598e39daab5008a6113a9f0a8c0262953b0af368710f9da2"}
{"level":"info","ts":"2025-06-24T13:42:05.432Z","caller":"service/merchantQueryService.go:282","msg":"Start: FindByApiKey"}
{"level":"debug","ts":"2025-06-24T13:42:05.434Z","caller":"redis/cache_helper.go:52","msg":"Successfully cached data","cacheKey":"merchant:api_key:14c95a1a7f30d1c4598e39daab5008a6113a9f0a8c0262953b0af368710f9da2","expiration":"5m0s"}
{"level":"info","ts":"2025-06-24T13:42:05.434Z","caller":"service/merchantQueryService.go:296","msg":"Successfully found merchant by API key","api_key":"14c95a1a7f30d1c4598e39daab5008a6113a9f0a8c0262953b0af368710f9da2"}
{"level":"info","ts":"2025-06-24T13:45:50.071Z","caller":"service/merchantQueryService.go:282","msg":"Start: FindByApiKey"}
{"level":"info","ts":"2025-06-24T13:45:50.071Z","caller":"service/merchantQueryService.go:296","msg":"Successfully found merchant by API key from cache","api_key":"14c95a1a7f30d1c4598e39daab5008a6113a9f0a8c0262953b0af368710f9da2"}
{"level":"info","ts":"2025-06-24T13:46:48.625Z","caller":"service/merchantQueryService.go:282","msg":"Start: FindByApiKey"}
{"level":"info","ts":"2025-06-24T13:46:48.625Z","caller":"service/merchantQueryService.go:296","msg":"Successfully found merchant by API key from cache","api_key":"14c95a1a7f30d1c4598e39daab5008a6113a9f0a8c0262953b0af368710f9da2"}
{"level":"info","ts":"2025-06-24T13:59:46.928Z","caller":"service/merchantQueryService.go:282","msg":"Start: FindByApiKey"}
{"level":"debug","ts":"2025-06-24T13:59:46.930Z","caller":"redis/cache_helper.go:52","msg":"Successfully cached data","cacheKey":"merchant:api_key:14c95a1a7f30d1c4598e39daab5008a6113a9f0a8c0262953b0af368710f9da2","expiration":"5m0s"}
{"level":"info","ts":"2025-06-24T13:59:46.930Z","caller":"service/merchantQueryService.go:296","msg":"Successfully found merchant by API key","api_key":"14c95a1a7f30d1c4598e39daab5008a6113a9f0a8c0262953b0af368710f9da2"}
{"level":"info","ts":"2025-06-24T14:02:24.536Z","caller":"service/merchantQueryService.go:282","msg":"Start: FindByApiKey"}
{"level":"info","ts":"2025-06-24T14:02:24.536Z","caller":"service/merchantQueryService.go:296","msg":"Successfully found merchant by API key from cache","api_key":"14c95a1a7f30d1c4598e39daab5008a6113a9f0a8c0262953b0af368710f9da2"}
{"level":"info","ts":"2025-06-24T14:05:40.329Z","caller":"service/merchantQueryService.go:282","msg":"Start: FindByApiKey"}
{"level":"debug","ts":"2025-06-24T14:05:40.330Z","caller":"redis/cache_helper.go:52","msg":"Successfully cached data","cacheKey":"merchant:api_key:14c95a1a7f30d1c4598e39daab5008a6113a9f0a8c0262953b0af368710f9da2","expiration":"5m0s"}
{"level":"info","ts":"2025-06-24T14:05:40.330Z","caller":"service/merchantQueryService.go:296","msg":"Successfully found merchant by API key","api_key":"14c95a1a7f30d1c4598e39daab5008a6113a9f0a8c0262953b0af368710f9da2"}
{"level":"debug","ts":"2025-06-24T14:19:10.347Z","caller":"database/connect.go:70","msg":"Database connection established successfully with connection pool settings","DB_DRIVER":"postgres","MaxOpenConns":50,"MaxIdleConns":10,"ConnMaxLifetime":"30m0s"}
{"level":"info","ts":"2025-06-24T14:19:10.377Z","caller":"apps/server.go:186","msg":"Server running on port 50054"}
{"level":"info","ts":"2025-06-24T14:19:10.378Z","caller":"apps/server.go:201","msg":"gRPC server listening on :50054"}
{"level":"info","ts":"2025-06-24T14:19:10.378Z","caller":"apps/server.go:193","msg":"Metrics server listening on :8084"}
{"level":"info","ts":"2025-06-24T14:20:12.927Z","caller":"service/merchantQueryService.go:282","msg":"Start: FindByApiKey"}
{"level":"debug","ts":"2025-06-24T14:20:12.938Z","caller":"redis/cache_helper.go:52","msg":"Successfully cached data","cacheKey":"merchant:api_key:14c95a1a7f30d1c4598e39daab5008a6113a9f0a8c0262953b0af368710f9da2","expiration":"5m0s"}
{"level":"info","ts":"2025-06-24T14:20:12.938Z","caller":"service/merchantQueryService.go:296","msg":"Successfully found merchant by API key","api_key":"14c95a1a7f30d1c4598e39daab5008a6113a9f0a8c0262953b0af368710f9da2"}
{"level":"info","ts":"2025-06-24T14:27:41.199Z","caller":"service/merchantQueryService.go:282","msg":"Start: FindByApiKey"}
{"level":"debug","ts":"2025-06-24T14:27:41.201Z","caller":"redis/cache_helper.go:52","msg":"Successfully cached data","cacheKey":"merchant:api_key:14c95a1a7f30d1c4598e39daab5008a6113a9f0a8c0262953b0af368710f9da2","expiration":"5m0s"}
{"level":"info","ts":"2025-06-24T14:27:41.201Z","caller":"service/merchantQueryService.go:296","msg":"Successfully found merchant by API key","api_key":"14c95a1a7f30d1c4598e39daab5008a6113a9f0a8c0262953b0af368710f9da2"}
{"level":"info","ts":"2025-06-24T14:31:32.956Z","caller":"service/merchantQueryService.go:282","msg":"Start: FindByApiKey"}
{"level":"info","ts":"2025-06-24T14:31:32.957Z","caller":"service/merchantQueryService.go:296","msg":"Successfully found merchant by API key from cache","api_key":"14c95a1a7f30d1c4598e39daab5008a6113a9f0a8c0262953b0af368710f9da2"}
{"level":"info","ts":"2025-06-24T14:31:34.740Z","caller":"service/merchantQueryService.go:282","msg":"Start: FindByApiKey"}
{"level":"info","ts":"2025-06-24T14:31:34.741Z","caller":"service/merchantQueryService.go:296","msg":"Successfully found merchant by API key from cache","api_key":"14c95a1a7f30d1c4598e39daab5008a6113a9f0a8c0262953b0af368710f9da2"}
{"level":"info","ts":"2025-06-24T14:39:58.014Z","caller":"service/merchantQueryService.go:282","msg":"Start: FindByApiKey"}
{"level":"debug","ts":"2025-06-24T14:39:58.016Z","caller":"redis/cache_helper.go:52","msg":"Successfully cached data","cacheKey":"merchant:api_key:35fc2ddce80e00b896cfb677e8e98d5b5505ea4cc72f22a8f91b33d725d937e8","expiration":"5m0s"}
{"level":"info","ts":"2025-06-24T14:39:58.016Z","caller":"service/merchantQueryService.go:296","msg":"Successfully found merchant by API key","api_key":"35fc2ddce80e00b896cfb677e8e98d5b5505ea4cc72f22a8f91b33d725d937e8"}
{"level":"debug","ts":"2025-06-24T15:33:59.446Z","caller":"database/connect.go:70","msg":"Database connection established successfully with connection pool settings","DB_DRIVER":"postgres","MaxOpenConns":50,"MaxIdleConns":10,"ConnMaxLifetime":"30m0s"}
{"level":"info","ts":"2025-06-24T15:33:59.472Z","caller":"apps/server.go:186","msg":"Server running on port 50054"}
{"level":"info","ts":"2025-06-24T15:33:59.473Z","caller":"apps/server.go:201","msg":"gRPC server listening on :50054"}
{"level":"info","ts":"2025-06-24T15:33:59.474Z","caller":"apps/server.go:193","msg":"Metrics server listening on :8084"}
{"level":"debug","ts":"2025-06-24T15:54:43.137Z","caller":"database/connect.go:70","msg":"Database connection established successfully with connection pool settings","DB_DRIVER":"postgres","MaxOpenConns":50,"MaxIdleConns":10,"ConnMaxLifetime":"30m0s"}
{"level":"info","ts":"2025-06-24T15:54:43.181Z","caller":"apps/server.go:186","msg":"Server running on port 50054"}
{"level":"info","ts":"2025-06-24T15:54:43.182Z","caller":"apps/server.go:201","msg":"gRPC server listening on :50054"}
{"level":"info","ts":"2025-06-24T15:54:43.182Z","caller":"apps/server.go:193","msg":"Metrics server listening on :8084"}
{"level":"debug","ts":"2025-06-24T16:52:06.271Z","caller":"database/connect.go:70","msg":"Database connection established successfully with connection pool settings","DB_DRIVER":"postgres","MaxOpenConns":50,"MaxIdleConns":10,"ConnMaxLifetime":"30m0s"}
{"level":"info","ts":"2025-06-24T16:52:06.290Z","caller":"apps/server.go:186","msg":"Server running on port 50054"}
{"level":"info","ts":"2025-06-24T16:52:06.291Z","caller":"apps/server.go:201","msg":"gRPC server listening on :50054"}
{"level":"info","ts":"2025-06-24T16:52:06.291Z","caller":"apps/server.go:193","msg":"Metrics server listening on :8084"}
{"level":"debug","ts":"2025-06-24T17:01:19.197Z","caller":"database/connect.go:70","msg":"Database connection established successfully with connection pool settings","DB_DRIVER":"postgres","MaxOpenConns":50,"MaxIdleConns":10,"ConnMaxLifetime":"30m0s"}
{"level":"info","ts":"2025-06-24T17:01:19.213Z","caller":"apps/server.go:186","msg":"Server running on port 50054"}
{"level":"info","ts":"2025-06-24T17:01:19.213Z","caller":"apps/server.go:201","msg":"gRPC server listening on :50054"}
{"level":"info","ts":"2025-06-24T17:01:19.213Z","caller":"apps/server.go:193","msg":"Metrics server listening on :8084"}
{"level":"debug","ts":"2025-06-24T17:14:19.530Z","caller":"database/connect.go:70","msg":"Database connection established successfully with connection pool settings","DB_DRIVER":"postgres","MaxOpenConns":50,"MaxIdleConns":10,"ConnMaxLifetime":"30m0s"}
{"level":"info","ts":"2025-06-24T17:14:19.595Z","caller":"apps/server.go:186","msg":"Server running on port 50054"}
{"level":"info","ts":"2025-06-24T17:14:19.595Z","caller":"apps/server.go:201","msg":"gRPC server listening on :50054"}
{"level":"info","ts":"2025-06-24T17:14:19.596Z","caller":"apps/server.go:193","msg":"Metrics server listening on :8084"}
