{"level":"debug","ts":"2025-06-13T03:35:27.183Z","caller":"database/connect.go:70","msg":"Database connection established successfully with connection pool settings","DB_DRIVER":"postgres","MaxOpenConns":50,"MaxIdleConns":10,"ConnMaxLifetime":"30m0s"}
{"level":"info","ts":"2025-06-13T03:35:27.204Z","caller":"apps/server.go:168","msg":"Server running on port 50058"}
{"level":"debug","ts":"2025-06-13T06:08:25.924Z","caller":"database/connect.go:70","msg":"Database connection established successfully with connection pool settings","DB_DRIVER":"postgres","MaxOpenConns":50,"MaxIdleConns":10,"ConnMaxLifetime":"30m0s"}
{"level":"info","ts":"2025-06-13T06:08:25.930Z","caller":"apps/server.go:168","msg":"Server running on port 50058"}
{"level":"debug","ts":"2025-06-13T06:13:43.972Z","caller":"database/connect.go:70","msg":"Database connection established successfully with connection pool settings","DB_DRIVER":"postgres","MaxOpenConns":50,"MaxIdleConns":10,"ConnMaxLifetime":"30m0s"}
{"level":"info","ts":"2025-06-13T06:13:43.987Z","caller":"apps/server.go:168","msg":"Server running on port 50058"}
{"level":"debug","ts":"2025-06-13T06:32:26.041Z","caller":"database/connect.go:70","msg":"Database connection established successfully with connection pool settings","DB_DRIVER":"postgres","MaxOpenConns":50,"MaxIdleConns":10,"ConnMaxLifetime":"30m0s"}
{"level":"info","ts":"2025-06-13T06:32:26.060Z","caller":"apps/server.go:168","msg":"Server running on port 50058"}
{"level":"debug","ts":"2025-06-13T06:36:56.345Z","caller":"database/connect.go:70","msg":"Database connection established successfully with connection pool settings","DB_DRIVER":"postgres","MaxOpenConns":50,"MaxIdleConns":10,"ConnMaxLifetime":"30m0s"}
{"level":"info","ts":"2025-06-13T06:36:56.354Z","caller":"apps/server.go:168","msg":"Server running on port 50058"}
{"level":"debug","ts":"2025-06-13T06:39:24.275Z","caller":"database/connect.go:70","msg":"Database connection established successfully with connection pool settings","DB_DRIVER":"postgres","MaxOpenConns":50,"MaxIdleConns":10,"ConnMaxLifetime":"30m0s"}
{"level":"info","ts":"2025-06-13T06:39:24.286Z","caller":"apps/server.go:168","msg":"Server running on port 50058"}
{"level":"debug","ts":"2025-06-13T07:30:08.246Z","caller":"database/connect.go:70","msg":"Database connection established successfully with connection pool settings","DB_DRIVER":"postgres","MaxOpenConns":50,"MaxIdleConns":10,"ConnMaxLifetime":"30m0s"}
{"level":"info","ts":"2025-06-13T07:30:08.279Z","caller":"apps/server.go:168","msg":"Server running on port 50058"}
{"level":"debug","ts":"2025-06-13T07:31:44.671Z","caller":"database/connect.go:70","msg":"Database connection established successfully with connection pool settings","DB_DRIVER":"postgres","MaxOpenConns":50,"MaxIdleConns":10,"ConnMaxLifetime":"30m0s"}
{"level":"info","ts":"2025-06-13T07:31:44.679Z","caller":"apps/server.go:168","msg":"Server running on port 50058"}
{"level":"debug","ts":"2025-06-13T07:36:55.077Z","caller":"database/connect.go:70","msg":"Database connection established successfully with connection pool settings","DB_DRIVER":"postgres","MaxOpenConns":50,"MaxIdleConns":10,"ConnMaxLifetime":"30m0s"}
{"level":"info","ts":"2025-06-13T07:36:55.089Z","caller":"apps/server.go:168","msg":"Server running on port 50058"}
{"level":"debug","ts":"2025-06-13T08:36:21.463Z","caller":"database/connect.go:70","msg":"Database connection established successfully with connection pool settings","DB_DRIVER":"postgres","MaxOpenConns":50,"MaxIdleConns":10,"ConnMaxLifetime":"30m0s"}
{"level":"info","ts":"2025-06-13T08:36:21.495Z","caller":"apps/server.go:168","msg":"Server running on port 50058"}
{"level":"debug","ts":"2025-06-13T11:44:31.484Z","caller":"database/connect.go:70","msg":"Database connection established successfully with connection pool settings","DB_DRIVER":"postgres","MaxOpenConns":50,"MaxIdleConns":10,"ConnMaxLifetime":"30m0s"}
{"level":"info","ts":"2025-06-13T11:44:31.510Z","caller":"apps/server.go:168","msg":"Server running on port 50058"}
{"level":"debug","ts":"2025-06-13T11:49:25.740Z","caller":"database/connect.go:70","msg":"Database connection established successfully with connection pool settings","DB_DRIVER":"postgres","MaxOpenConns":50,"MaxIdleConns":10,"ConnMaxLifetime":"30m0s"}
{"level":"info","ts":"2025-06-13T11:49:25.764Z","caller":"apps/server.go:168","msg":"Server running on port 50058"}
{"level":"debug","ts":"2025-06-13T11:53:59.055Z","caller":"database/connect.go:70","msg":"Database connection established successfully with connection pool settings","DB_DRIVER":"postgres","MaxOpenConns":50,"MaxIdleConns":10,"ConnMaxLifetime":"30m0s"}
{"level":"info","ts":"2025-06-13T11:53:59.066Z","caller":"apps/server.go:168","msg":"Server running on port 50058"}
{"level":"debug","ts":"2025-06-16T07:37:59.047Z","caller":"database/connect.go:70","msg":"Database connection established successfully with connection pool settings","DB_DRIVER":"postgres","MaxOpenConns":50,"MaxIdleConns":10,"ConnMaxLifetime":"30m0s"}
{"level":"info","ts":"2025-06-16T07:37:59.084Z","caller":"apps/server.go:168","msg":"Server running on port 50058"}
{"level":"debug","ts":"2025-06-16T07:45:45.952Z","caller":"database/connect.go:70","msg":"Database connection established successfully with connection pool settings","DB_DRIVER":"postgres","MaxOpenConns":50,"MaxIdleConns":10,"ConnMaxLifetime":"30m0s"}
{"level":"info","ts":"2025-06-16T07:45:45.968Z","caller":"apps/server.go:168","msg":"Server running on port 50058"}
{"level":"debug","ts":"2025-06-16T08:00:35.908Z","caller":"database/connect.go:70","msg":"Database connection established successfully with connection pool settings","DB_DRIVER":"postgres","MaxOpenConns":50,"MaxIdleConns":10,"ConnMaxLifetime":"30m0s"}
{"level":"info","ts":"2025-06-16T08:00:35.942Z","caller":"apps/server.go:168","msg":"Server running on port 50058"}
{"level":"debug","ts":"2025-06-16T08:03:17.380Z","caller":"database/connect.go:70","msg":"Database connection established successfully with connection pool settings","DB_DRIVER":"postgres","MaxOpenConns":50,"MaxIdleConns":10,"ConnMaxLifetime":"30m0s"}
{"level":"info","ts":"2025-06-16T08:03:17.391Z","caller":"apps/server.go:168","msg":"Server running on port 50058"}
{"level":"debug","ts":"2025-06-16T08:08:12.735Z","caller":"database/connect.go:70","msg":"Database connection established successfully with connection pool settings","DB_DRIVER":"postgres","MaxOpenConns":50,"MaxIdleConns":10,"ConnMaxLifetime":"30m0s"}
{"level":"info","ts":"2025-06-16T08:08:12.761Z","caller":"apps/server.go:168","msg":"Server running on port 50058"}
{"level":"debug","ts":"2025-06-16T08:11:31.255Z","caller":"database/connect.go:70","msg":"Database connection established successfully with connection pool settings","DB_DRIVER":"postgres","MaxOpenConns":50,"MaxIdleConns":10,"ConnMaxLifetime":"30m0s"}
{"level":"info","ts":"2025-06-16T08:11:31.264Z","caller":"apps/server.go:168","msg":"Server running on port 50058"}
{"level":"debug","ts":"2025-06-16T08:21:58.402Z","caller":"database/connect.go:70","msg":"Database connection established successfully with connection pool settings","DB_DRIVER":"postgres","MaxOpenConns":50,"MaxIdleConns":10,"ConnMaxLifetime":"30m0s"}
{"level":"info","ts":"2025-06-16T08:21:58.459Z","caller":"apps/server.go:168","msg":"Server running on port 50058"}
{"level":"debug","ts":"2025-06-16T08:32:04.637Z","caller":"database/connect.go:70","msg":"Database connection established successfully with connection pool settings","DB_DRIVER":"postgres","MaxOpenConns":50,"MaxIdleConns":10,"ConnMaxLifetime":"30m0s"}
{"level":"info","ts":"2025-06-16T08:32:04.658Z","caller":"apps/server.go:168","msg":"Server running on port 50058"}
{"level":"debug","ts":"2025-06-16T16:28:03.167Z","caller":"database/connect.go:70","msg":"Database connection established successfully with connection pool settings","DB_DRIVER":"postgres","MaxOpenConns":50,"MaxIdleConns":10,"ConnMaxLifetime":"30m0s"}
{"level":"info","ts":"2025-06-16T16:28:03.194Z","caller":"apps/server.go:168","msg":"Server running on port 50058"}
{"level":"debug","ts":"2025-06-16T22:41:28.800Z","caller":"database/connect.go:70","msg":"Database connection established successfully with connection pool settings","DB_DRIVER":"postgres","MaxOpenConns":50,"MaxIdleConns":10,"ConnMaxLifetime":"30m0s"}
{"level":"info","ts":"2025-06-16T22:41:28.822Z","caller":"apps/server.go:168","msg":"Server running on port 50058"}
{"level":"debug","ts":"2025-06-17T05:30:24.034Z","caller":"database/connect.go:70","msg":"Database connection established successfully with connection pool settings","DB_DRIVER":"postgres","MaxOpenConns":50,"MaxIdleConns":10,"ConnMaxLifetime":"30m0s"}
{"level":"info","ts":"2025-06-17T05:30:24.044Z","caller":"apps/server.go:168","msg":"Server running on port 50058"}
{"level":"debug","ts":"2025-06-17T08:39:35.406Z","caller":"database/connect.go:70","msg":"Database connection established successfully with connection pool settings","DB_DRIVER":"postgres","MaxOpenConns":50,"MaxIdleConns":10,"ConnMaxLifetime":"30m0s"}
{"level":"info","ts":"2025-06-17T08:39:35.428Z","caller":"apps/server.go:168","msg":"Server running on port 50058"}
{"level":"debug","ts":"2025-06-17T09:27:34.465Z","caller":"database/connect.go:70","msg":"Database connection established successfully with connection pool settings","DB_DRIVER":"postgres","MaxOpenConns":50,"MaxIdleConns":10,"ConnMaxLifetime":"30m0s"}
{"level":"info","ts":"2025-06-17T09:27:34.472Z","caller":"apps/server.go:168","msg":"Server running on port 50058"}
{"level":"debug","ts":"2025-06-24T09:16:57.181Z","caller":"database/connect.go:70","msg":"Database connection established successfully with connection pool settings","DB_DRIVER":"postgres","MaxOpenConns":50,"MaxIdleConns":10,"ConnMaxLifetime":"30m0s"}
{"level":"info","ts":"2025-06-24T09:16:57.213Z","caller":"apps/server.go:168","msg":"Server running on port 50058"}
{"level":"debug","ts":"2025-06-24T09:40:22.618Z","caller":"database/connect.go:70","msg":"Database connection established successfully with connection pool settings","DB_DRIVER":"postgres","MaxOpenConns":50,"MaxIdleConns":10,"ConnMaxLifetime":"30m0s"}
{"level":"info","ts":"2025-06-24T09:40:22.654Z","caller":"apps/server.go:168","msg":"Server running on port 50058"}
{"level":"debug","ts":"2025-06-24T09:48:40.766Z","caller":"database/connect.go:70","msg":"Database connection established successfully with connection pool settings","DB_DRIVER":"postgres","MaxOpenConns":50,"MaxIdleConns":10,"ConnMaxLifetime":"30m0s"}
{"level":"info","ts":"2025-06-24T09:48:40.787Z","caller":"apps/server.go:168","msg":"Server running on port 50058"}
{"level":"debug","ts":"2025-06-24T11:04:41.336Z","caller":"database/connect.go:70","msg":"Database connection established successfully with connection pool settings","DB_DRIVER":"postgres","MaxOpenConns":50,"MaxIdleConns":10,"ConnMaxLifetime":"30m0s"}
{"level":"info","ts":"2025-06-24T11:04:41.349Z","caller":"apps/server.go:168","msg":"Server running on port 50058"}
{"level":"debug","ts":"2025-06-24T11:32:47.474Z","caller":"database/connect.go:70","msg":"Database connection established successfully with connection pool settings","DB_DRIVER":"postgres","MaxOpenConns":50,"MaxIdleConns":10,"ConnMaxLifetime":"30m0s"}
{"level":"info","ts":"2025-06-24T11:32:47.492Z","caller":"apps/server.go:168","msg":"Server running on port 50058"}
{"level":"debug","ts":"2025-06-24T11:38:35.269Z","caller":"database/connect.go:70","msg":"Database connection established successfully with connection pool settings","DB_DRIVER":"postgres","MaxOpenConns":50,"MaxIdleConns":10,"ConnMaxLifetime":"30m0s"}
{"level":"info","ts":"2025-06-24T11:38:35.278Z","caller":"apps/server.go:168","msg":"Server running on port 50058"}
{"level":"debug","ts":"2025-06-24T12:23:00.679Z","caller":"database/connect.go:70","msg":"Database connection established successfully with connection pool settings","DB_DRIVER":"postgres","MaxOpenConns":50,"MaxIdleConns":10,"ConnMaxLifetime":"30m0s"}
{"level":"info","ts":"2025-06-24T12:23:00.699Z","caller":"apps/server.go:168","msg":"Server running on port 50058"}
{"level":"debug","ts":"2025-06-24T13:07:29.505Z","caller":"database/connect.go:70","msg":"Database connection established successfully with connection pool settings","DB_DRIVER":"postgres","MaxOpenConns":50,"MaxIdleConns":10,"ConnMaxLifetime":"30m0s"}
{"level":"info","ts":"2025-06-24T13:07:29.545Z","caller":"apps/server.go:168","msg":"Server running on port 50058"}
{"level":"debug","ts":"2025-06-24T13:17:47.014Z","caller":"database/connect.go:70","msg":"Database connection established successfully with connection pool settings","DB_DRIVER":"postgres","MaxOpenConns":50,"MaxIdleConns":10,"ConnMaxLifetime":"30m0s"}
{"level":"info","ts":"2025-06-24T13:17:47.038Z","caller":"apps/server.go:168","msg":"Server running on port 50058"}
{"level":"debug","ts":"2025-06-24T13:25:08.000Z","caller":"database/connect.go:70","msg":"Database connection established successfully with connection pool settings","DB_DRIVER":"postgres","MaxOpenConns":50,"MaxIdleConns":10,"ConnMaxLifetime":"30m0s"}
{"level":"info","ts":"2025-06-24T13:25:08.015Z","caller":"apps/server.go:168","msg":"Server running on port 50058"}
{"level":"debug","ts":"2025-06-24T13:28:06.987Z","caller":"database/connect.go:70","msg":"Database connection established successfully with connection pool settings","DB_DRIVER":"postgres","MaxOpenConns":50,"MaxIdleConns":10,"ConnMaxLifetime":"30m0s"}
{"level":"info","ts":"2025-06-24T13:28:07.001Z","caller":"apps/server.go:168","msg":"Server running on port 50058"}
{"level":"debug","ts":"2025-06-24T13:36:02.292Z","caller":"database/connect.go:70","msg":"Database connection established successfully with connection pool settings","DB_DRIVER":"postgres","MaxOpenConns":50,"MaxIdleConns":10,"ConnMaxLifetime":"30m0s"}
{"level":"info","ts":"2025-06-24T13:36:02.311Z","caller":"apps/server.go:168","msg":"Server running on port 50058"}
{"level":"debug","ts":"2025-06-24T13:36:30.239Z","caller":"handler/transaction.go:770","msg":"Creating transaction","card_number":"4238867611073109","amount":50000,"payment_method":"indomart","merchant_id":1,"transaction_time":"2023-07-15T14:30:00.000Z"}
{"level":"info","ts":"2025-06-24T13:36:30.240Z","caller":"service/transactionCommandService.go:488","msg":"Start: CreateTransacton"}
{"level":"error","ts":"2025-06-24T13:36:30.260Z","caller":"errorhandler/errorhandler_helpers.go:34","msg":"Repository error in CreateTransacton","error":"failed to find card by card number","error":"failed to find card by card number","trace.id":"FAILED_FIND_CARD_BY_CARD_NUMBER_20250624_6a501e46"}
{"level":"error","ts":"2025-06-24T13:36:30.261Z","caller":"handler/transaction.go:785","msg":"failed to create transaction","error":{"status":"error","message":"Failed to find Merchant by API key","code":500}}
{"level":"debug","ts":"2025-06-24T13:37:20.990Z","caller":"handler/transaction.go:770","msg":"Creating transaction","card_number":"4238867611073109","amount":50000,"payment_method":"indomart","merchant_id":1,"transaction_time":"2023-07-15T14:30:00.000Z"}
{"level":"info","ts":"2025-06-24T13:37:20.990Z","caller":"service/transactionCommandService.go:488","msg":"Start: CreateTransacton"}
{"level":"error","ts":"2025-06-24T13:37:20.992Z","caller":"errorhandler/errorhandler_helpers.go:34","msg":"Repository error in CreateTransacton","error":"failed to find card by card number","error":"failed to find card by card number","trace.id":"FAILED_FIND_CARD_BY_CARD_NUMBER_20250624_763eadff"}
{"level":"error","ts":"2025-06-24T13:37:20.992Z","caller":"handler/transaction.go:785","msg":"failed to create transaction","error":{"status":"error","message":"Failed to find Merchant by API key","code":500}}
{"level":"debug","ts":"2025-06-24T13:42:05.437Z","caller":"handler/transaction.go:770","msg":"Creating transaction","card_number":"4238867611073109","amount":50000,"payment_method":"indomart","merchant_id":1,"transaction_time":"2023-07-15T14:30:00.000Z"}
{"level":"info","ts":"2025-06-24T13:42:05.437Z","caller":"service/transactionCommandService.go:488","msg":"Start: CreateTransacton"}
{"level":"error","ts":"2025-06-24T13:42:05.439Z","caller":"errorhandler/errorhandler_helpers.go:34","msg":"Repository error in CreateTransacton","error":"failed to find card by card number","error":"failed to find card by card number","trace.id":"FAILED_FIND_CARD_BY_CARD_NUMBER_20250624_48219682"}
{"level":"error","ts":"2025-06-24T13:42:05.439Z","caller":"handler/transaction.go:785","msg":"failed to create transaction","error":{"status":"error","message":"Failed to find Merchant by API key","code":500}}
{"level":"debug","ts":"2025-06-24T13:45:50.075Z","caller":"handler/transaction.go:770","msg":"Creating transaction","card_number":"4429513911991168","amount":50000,"payment_method":"indomart","merchant_id":1,"transaction_time":"2023-07-15T14:30:00.000Z"}
{"level":"info","ts":"2025-06-24T13:45:50.075Z","caller":"service/transactionCommandService.go:488","msg":"Start: CreateTransacton"}
{"level":"error","ts":"2025-06-24T13:45:50.082Z","caller":"errorhandler/errorhandler_helpers.go:34","msg":"Repository error in CreateTransacton","trace.id":"FAILED_INSUFFICIENT_BALANCE_20250624_2ca0d2fe"}
{"level":"error","ts":"2025-06-24T13:45:50.082Z","caller":"handler/transaction.go:785","msg":"failed to create transaction","error":{"status":"error","message":"Insufficient balance","code":400}}
{"level":"debug","ts":"2025-06-24T13:46:48.628Z","caller":"handler/transaction.go:770","msg":"Creating transaction","card_number":"4429513911991168","amount":50000,"payment_method":"indomart","merchant_id":1,"transaction_time":"2023-07-15T14:30:00.000Z"}
{"level":"info","ts":"2025-06-24T13:46:48.629Z","caller":"service/transactionCommandService.go:488","msg":"Start: CreateTransacton"}
{"level":"error","ts":"2025-06-24T13:46:48.644Z","caller":"errorhandler/errorhandler_helpers.go:34","msg":"Repository error in CreateTransacton","error":"failed to find card by user ID","error":"failed to find card by user ID","trace.id":"FAILED_FIND_CARD_BY_USER_ID_20250624_274c6676"}
{"level":"error","ts":"2025-06-24T13:46:48.645Z","caller":"handler/transaction.go:785","msg":"failed to create transaction","error":{"status":"error","message":"Failed to find Merchant by API key","code":500}}
{"level":"debug","ts":"2025-06-24T13:59:42.098Z","caller":"database/connect.go:70","msg":"Database connection established successfully with connection pool settings","DB_DRIVER":"postgres","MaxOpenConns":50,"MaxIdleConns":10,"ConnMaxLifetime":"30m0s"}
{"level":"info","ts":"2025-06-24T13:59:42.104Z","caller":"apps/server.go:168","msg":"Server running on port 50058"}
{"level":"debug","ts":"2025-06-24T13:59:46.934Z","caller":"handler/transaction.go:770","msg":"Creating transaction","card_number":"4429513911991168","amount":50000,"payment_method":"indomart","merchant_id":1,"transaction_time":"2023-07-15T14:30:00.000Z"}
{"level":"info","ts":"2025-06-24T13:59:46.935Z","caller":"service/transactionCommandService.go:488","msg":"Start: CreateTransacton"}
{"level":"error","ts":"2025-06-24T13:59:46.960Z","caller":"errorhandler/errorhandler_helpers.go:34","msg":"Repository error in CreateTransacton","error":"failed to find card by user ID","error":"failed to find card by user ID","trace.id":"FAILED_FIND_CARD_BY_USER_ID_20250624_36d21e90"}
{"level":"error","ts":"2025-06-24T13:59:46.960Z","caller":"handler/transaction.go:785","msg":"failed to create transaction","error":{"status":"error","message":"Failed to find Merchant by API key","code":500}}
{"level":"debug","ts":"2025-06-24T14:02:24.539Z","caller":"handler/transaction.go:770","msg":"Creating transaction","card_number":"4429513911991168","amount":50000,"payment_method":"indomart","merchant_id":1,"transaction_time":"2023-07-15T14:30:00.000Z"}
{"level":"info","ts":"2025-06-24T14:02:24.540Z","caller":"service/transactionCommandService.go:488","msg":"Start: CreateTransacton"}
{"level":"error","ts":"2025-06-24T14:02:24.547Z","caller":"errorhandler/errorhandler_helpers.go:34","msg":"Repository error in CreateTransacton","error":"failed to find card by user ID","error":"failed to find card by user ID","trace.id":"FAILED_FIND_CARD_BY_USER_ID_20250624_20f600f7"}
{"level":"error","ts":"2025-06-24T14:02:24.548Z","caller":"handler/transaction.go:785","msg":"failed to create transaction","error":{"status":"error","message":"Failed to find Merchant by API key","code":500}}
{"level":"debug","ts":"2025-06-24T14:05:40.333Z","caller":"handler/transaction.go:770","msg":"Creating transaction","card_number":"4429513911991168","amount":50000,"payment_method":"indomart","merchant_id":1,"transaction_time":"2023-07-15T14:30:00.000Z"}
{"level":"info","ts":"2025-06-24T14:05:40.334Z","caller":"service/transactionCommandService.go:488","msg":"Start: CreateTransacton"}
{"level":"error","ts":"2025-06-24T14:05:40.341Z","caller":"errorhandler/errorhandler_helpers.go:34","msg":"Repository error in CreateTransacton","error":"failed to find card by user ID","error":"failed to find card by user ID","trace.id":"FAILED_FIND_CARD_BY_USER_ID_20250624_479ec24e"}
{"level":"error","ts":"2025-06-24T14:05:40.341Z","caller":"handler/transaction.go:785","msg":"failed to create transaction","error":{"status":"error","message":"Failed to find Merchant by API key","code":500}}
{"level":"debug","ts":"2025-06-24T14:18:08.248Z","caller":"database/connect.go:70","msg":"Database connection established successfully with connection pool settings","DB_DRIVER":"postgres","MaxOpenConns":50,"MaxIdleConns":10,"ConnMaxLifetime":"30m0s"}
{"level":"info","ts":"2025-06-24T14:18:08.254Z","caller":"apps/server.go:168","msg":"Server running on port 50058"}
{"level":"debug","ts":"2025-06-24T14:19:10.135Z","caller":"database/connect.go:70","msg":"Database connection established successfully with connection pool settings","DB_DRIVER":"postgres","MaxOpenConns":50,"MaxIdleConns":10,"ConnMaxLifetime":"30m0s"}
{"level":"info","ts":"2025-06-24T14:19:10.171Z","caller":"apps/server.go:168","msg":"Server running on port 50058"}
{"level":"debug","ts":"2025-06-24T14:20:12.969Z","caller":"handler/transaction.go:770","msg":"Creating transaction","card_number":"4429513911991168","amount":50000,"payment_method":"indomart","merchant_id":1,"transaction_time":"2023-07-15T14:30:00.000Z"}
{"level":"debug","ts":"2025-06-24T14:20:12.970Z","caller":"service/transactionCommandService.go:101","msg":"CreateTransaction called","card_number":"4429513911991168","api_key":"14c95a1a7f30d1c4598e39daab5008a6113a9f0a8c0262953b0af368710f9da2"}
{"level":"info","ts":"2025-06-24T14:20:12.970Z","caller":"service/transactionCommandService.go:490","msg":"Start: CreateTransacton"}
{"level":"error","ts":"2025-06-24T14:20:13.011Z","caller":"errorhandler/errorhandler_helpers.go:34","msg":"Repository error in CreateTransacton","error":"failed to find card by user ID","error":"failed to find card by user ID","trace.id":"FAILED_FIND_CARD_BY_USER_ID_20250624_7d4c92c1"}
{"level":"error","ts":"2025-06-24T14:20:13.011Z","caller":"handler/transaction.go:785","msg":"failed to create transaction","error":{"status":"error","message":"Failed to find Merchant by API key","code":500}}
{"level":"debug","ts":"2025-06-24T14:27:41.204Z","caller":"handler/transaction.go:770","msg":"Creating transaction","card_number":"4429513911991168","amount":50000,"payment_method":"indomart","merchant_id":1,"transaction_time":"2023-07-15T14:30:00.000Z"}
{"level":"debug","ts":"2025-06-24T14:27:41.204Z","caller":"service/transactionCommandService.go:101","msg":"CreateTransaction called","card_number":"4429513911991168","api_key":"14c95a1a7f30d1c4598e39daab5008a6113a9f0a8c0262953b0af368710f9da2"}
{"level":"info","ts":"2025-06-24T14:27:41.204Z","caller":"service/transactionCommandService.go:490","msg":"Start: CreateTransacton"}
{"level":"error","ts":"2025-06-24T14:27:41.216Z","caller":"errorhandler/errorhandler_helpers.go:34","msg":"Repository error in CreateTransacton","error":"failed to find card by user ID","error":"failed to find card by user ID","trace.id":"FAILED_FIND_CARD_BY_USER_ID_20250624_3b1c0d6e"}
{"level":"error","ts":"2025-06-24T14:27:41.216Z","caller":"handler/transaction.go:785","msg":"failed to create transaction","error":{"status":"error","message":"Failed to find Merchant by API key","code":500}}
{"level":"debug","ts":"2025-06-24T14:31:32.960Z","caller":"handler/transaction.go:770","msg":"Creating transaction","card_number":"4429513911991168","amount":50000,"payment_method":"indomart","merchant_id":1,"transaction_time":"2023-07-15T14:30:00.000Z"}
{"level":"debug","ts":"2025-06-24T14:31:32.961Z","caller":"service/transactionCommandService.go:101","msg":"CreateTransaction called","card_number":"4429513911991168","api_key":"14c95a1a7f30d1c4598e39daab5008a6113a9f0a8c0262953b0af368710f9da2"}
{"level":"info","ts":"2025-06-24T14:31:32.961Z","caller":"service/transactionCommandService.go:490","msg":"Start: CreateTransacton"}
{"level":"error","ts":"2025-06-24T14:31:32.969Z","caller":"errorhandler/errorhandler_helpers.go:34","msg":"Repository error in CreateTransacton","error":"failed to find card by user ID","error":"failed to find card by user ID","trace.id":"FAILED_FIND_CARD_BY_USER_ID_20250624_dda8b34f"}
{"level":"error","ts":"2025-06-24T14:31:32.969Z","caller":"handler/transaction.go:785","msg":"failed to create transaction","error":{"status":"error","message":"Failed to find Merchant by API key","code":500}}
{"level":"debug","ts":"2025-06-24T14:31:34.743Z","caller":"handler/transaction.go:770","msg":"Creating transaction","card_number":"4429513911991168","amount":50000,"payment_method":"indomart","merchant_id":1,"transaction_time":"2023-07-15T14:30:00.000Z"}
{"level":"debug","ts":"2025-06-24T14:31:34.744Z","caller":"service/transactionCommandService.go:101","msg":"CreateTransaction called","card_number":"4429513911991168","api_key":"14c95a1a7f30d1c4598e39daab5008a6113a9f0a8c0262953b0af368710f9da2"}
{"level":"info","ts":"2025-06-24T14:31:34.744Z","caller":"service/transactionCommandService.go:490","msg":"Start: CreateTransacton"}
{"level":"error","ts":"2025-06-24T14:31:34.752Z","caller":"errorhandler/errorhandler_helpers.go:34","msg":"Repository error in CreateTransacton","error":"failed to find card by user ID","error":"failed to find card by user ID","trace.id":"FAILED_FIND_CARD_BY_USER_ID_20250624_73c8f92b"}
{"level":"error","ts":"2025-06-24T14:31:34.752Z","caller":"handler/transaction.go:785","msg":"failed to create transaction","error":{"status":"error","message":"Failed to find Merchant by API key","code":500}}
{"level":"debug","ts":"2025-06-24T14:39:58.020Z","caller":"handler/transaction.go:770","msg":"Creating transaction","card_number":"4429513911991168","amount":50000,"payment_method":"indomart","merchant_id":19,"transaction_time":"2023-07-15T14:30:00.000Z"}
{"level":"debug","ts":"2025-06-24T14:39:58.020Z","caller":"service/transactionCommandService.go:101","msg":"CreateTransaction called","card_number":"4429513911991168","api_key":"35fc2ddce80e00b896cfb677e8e98d5b5505ea4cc72f22a8f91b33d725d937e8"}
{"level":"info","ts":"2025-06-24T14:39:58.020Z","caller":"service/transactionCommandService.go:490","msg":"Start: CreateTransacton"}
{"level":"info","ts":"2025-06-24T14:39:58.037Z","caller":"service/transactionCommandService.go:504","msg":"Successfully created transaction","transaction.id":49}
{"level":"debug","ts":"2025-06-24T15:33:59.075Z","caller":"database/connect.go:70","msg":"Database connection established successfully with connection pool settings","DB_DRIVER":"postgres","MaxOpenConns":50,"MaxIdleConns":10,"ConnMaxLifetime":"30m0s"}
{"level":"info","ts":"2025-06-24T15:33:59.104Z","caller":"apps/server.go:168","msg":"Server running on port 50058"}
{"level":"debug","ts":"2025-06-24T15:54:43.344Z","caller":"database/connect.go:70","msg":"Database connection established successfully with connection pool settings","DB_DRIVER":"postgres","MaxOpenConns":50,"MaxIdleConns":10,"ConnMaxLifetime":"30m0s"}
{"level":"info","ts":"2025-06-24T15:54:43.369Z","caller":"apps/server.go:168","msg":"Server running on port 50058"}
{"level":"debug","ts":"2025-06-24T16:52:05.782Z","caller":"database/connect.go:70","msg":"Database connection established successfully with connection pool settings","DB_DRIVER":"postgres","MaxOpenConns":50,"MaxIdleConns":10,"ConnMaxLifetime":"30m0s"}
{"level":"info","ts":"2025-06-24T16:52:05.834Z","caller":"apps/server.go:168","msg":"Server running on port 50058"}
{"level":"debug","ts":"2025-06-24T17:01:19.016Z","caller":"database/connect.go:70","msg":"Database connection established successfully with connection pool settings","DB_DRIVER":"postgres","MaxOpenConns":50,"MaxIdleConns":10,"ConnMaxLifetime":"30m0s"}
{"level":"info","ts":"2025-06-24T17:01:19.043Z","caller":"apps/server.go:168","msg":"Server running on port 50058"}
{"level":"debug","ts":"2025-06-24T17:14:19.426Z","caller":"database/connect.go:70","msg":"Database connection established successfully with connection pool settings","DB_DRIVER":"postgres","MaxOpenConns":50,"MaxIdleConns":10,"ConnMaxLifetime":"30m0s"}
{"level":"info","ts":"2025-06-24T17:14:19.468Z","caller":"apps/server.go:168","msg":"Server running on port 50058"}
